-- Install configuration: ""
-- Up-to-date: /home/arjun/ldlidar_ros2_ws/install/nav2_mapless/share/nav2_mapless//launch
-- Up-to-date: /home/arjun/ldlidar_ros2_ws/install/nav2_mapless/share/nav2_mapless//launch/mapless_launch.py
-- Up-to-date: /home/arjun/ldlidar_ros2_ws/install/nav2_mapless/share/nav2_mapless//config
-- Up-to-date: /home/arjun/ldlidar_ros2_ws/install/nav2_mapless/share/nav2_mapless//config/nav2_mapless_params.yaml
-- Up-to-date: /home/arjun/ldlidar_ros2_ws/install/nav2_mapless/share/ament_index/resource_index/package_run_dependencies/nav2_mapless
-- Up-to-date: /home/arjun/ldlidar_ros2_ws/install/nav2_mapless/share/ament_index/resource_index/parent_prefix_path/nav2_mapless
-- Up-to-date: /home/arjun/ldlidar_ros2_ws/install/nav2_mapless/share/nav2_mapless/environment/ament_prefix_path.sh
-- Up-to-date: /home/arjun/ldlidar_ros2_ws/install/nav2_mapless/share/nav2_mapless/environment/ament_prefix_path.dsv
-- Up-to-date: /home/arjun/ldlidar_ros2_ws/install/nav2_mapless/share/nav2_mapless/environment/path.sh
-- Up-to-date: /home/arjun/ldlidar_ros2_ws/install/nav2_mapless/share/nav2_mapless/environment/path.dsv
-- Up-to-date: /home/arjun/ldlidar_ros2_ws/install/nav2_mapless/share/nav2_mapless/local_setup.bash
-- Up-to-date: /home/arjun/ldlidar_ros2_ws/install/nav2_mapless/share/nav2_mapless/local_setup.sh
-- Up-to-date: /home/arjun/ldlidar_ros2_ws/install/nav2_mapless/share/nav2_mapless/local_setup.zsh
-- Up-to-date: /home/arjun/ldlidar_ros2_ws/install/nav2_mapless/share/nav2_mapless/local_setup.dsv
-- Up-to-date: /home/arjun/ldlidar_ros2_ws/install/nav2_mapless/share/nav2_mapless/package.dsv
-- Up-to-date: /home/arjun/ldlidar_ros2_ws/install/nav2_mapless/share/ament_index/resource_index/packages/nav2_mapless
-- Up-to-date: /home/arjun/ldlidar_ros2_ws/install/nav2_mapless/share/nav2_mapless/cmake/nav2_maplessConfig.cmake
-- Up-to-date: /home/arjun/ldlidar_ros2_ws/install/nav2_mapless/share/nav2_mapless/cmake/nav2_maplessConfig-version.cmake
-- Up-to-date: /home/arjun/ldlidar_ros2_ws/install/nav2_mapless/share/nav2_mapless/package.xml
