[0.396s] Invoking command in '/home/arjun/ldlidar_ros2_ws/build/nav2_mapless': CMAKE_PREFIX_PATH=${CMAKE_PREFIX_PATH}:/home/arjun/ldlidar_ros2_ws/install/a_star_new:/opt/ros/jazzy DEBUGINFOD_URLS=https://debuginfod.ubuntu.com /usr/bin/cmake --build /home/arjun/ldlidar_ros2_ws/build/nav2_mapless -- -j4 -l4
[0.544s] Invoked command in '/home/arjun/ldlidar_ros2_ws/build/nav2_mapless' returned '0': CMAKE_PREFIX_PATH=${CMAKE_PREFIX_PATH}:/home/arjun/ldlidar_ros2_ws/install/a_star_new:/opt/ros/jazzy DEBUGINFOD_URLS=https://debuginfod.ubuntu.com /usr/bin/cmake --build /home/arjun/ldlidar_ros2_ws/build/nav2_mapless -- -j4 -l4
[0.582s] Invoking command in '/home/arjun/ldlidar_ros2_ws/build/nav2_mapless': CMAKE_PREFIX_PATH=${CMAKE_PREFIX_PATH}:/home/arjun/ldlidar_ros2_ws/install/a_star_new:/opt/ros/jazzy DEBUGINFOD_URLS=https://debuginfod.ubuntu.com /usr/bin/cmake --install /home/arjun/ldlidar_ros2_ws/build/nav2_mapless
[0.605s] -- Install configuration: ""
[0.606s] -- Up-to-date: /home/arjun/ldlidar_ros2_ws/install/nav2_mapless/share/nav2_mapless//launch
[0.607s] -- Up-to-date: /home/arjun/ldlidar_ros2_ws/install/nav2_mapless/share/nav2_mapless//launch/mapless_launch.py
[0.608s] -- Up-to-date: /home/arjun/ldlidar_ros2_ws/install/nav2_mapless/share/nav2_mapless//config
[0.609s] -- Up-to-date: /home/arjun/ldlidar_ros2_ws/install/nav2_mapless/share/nav2_mapless//config/nav2_mapless_params.yaml
[0.609s] -- Up-to-date: /home/arjun/ldlidar_ros2_ws/install/nav2_mapless/share/ament_index/resource_index/package_run_dependencies/nav2_mapless
[0.610s] -- Up-to-date: /home/arjun/ldlidar_ros2_ws/install/nav2_mapless/share/ament_index/resource_index/parent_prefix_path/nav2_mapless
[0.611s] -- Up-to-date: /home/arjun/ldlidar_ros2_ws/install/nav2_mapless/share/nav2_mapless/environment/ament_prefix_path.sh
[0.611s] -- Up-to-date: /home/arjun/ldlidar_ros2_ws/install/nav2_mapless/share/nav2_mapless/environment/ament_prefix_path.dsv
[0.612s] -- Up-to-date: /home/arjun/ldlidar_ros2_ws/install/nav2_mapless/share/nav2_mapless/environment/path.sh
[0.612s] -- Up-to-date: /home/arjun/ldlidar_ros2_ws/install/nav2_mapless/share/nav2_mapless/environment/path.dsv
[0.612s] -- Up-to-date: /home/arjun/ldlidar_ros2_ws/install/nav2_mapless/share/nav2_mapless/local_setup.bash
[0.612s] -- Up-to-date: /home/arjun/ldlidar_ros2_ws/install/nav2_mapless/share/nav2_mapless/local_setup.sh
[0.612s] -- Up-to-date: /home/arjun/ldlidar_ros2_ws/install/nav2_mapless/share/nav2_mapless/local_setup.zsh
[0.613s] -- Up-to-date: /home/arjun/ldlidar_ros2_ws/install/nav2_mapless/share/nav2_mapless/local_setup.dsv
[0.614s] -- Up-to-date: /home/arjun/ldlidar_ros2_ws/install/nav2_mapless/share/nav2_mapless/package.dsv
[0.614s] -- Up-to-date: /home/arjun/ldlidar_ros2_ws/install/nav2_mapless/share/ament_index/resource_index/packages/nav2_mapless
[0.614s] -- Up-to-date: /home/arjun/ldlidar_ros2_ws/install/nav2_mapless/share/nav2_mapless/cmake/nav2_maplessConfig.cmake
[0.614s] -- Up-to-date: /home/arjun/ldlidar_ros2_ws/install/nav2_mapless/share/nav2_mapless/cmake/nav2_maplessConfig-version.cmake
[0.614s] -- Up-to-date: /home/arjun/ldlidar_ros2_ws/install/nav2_mapless/share/nav2_mapless/package.xml
[0.617s] Invoked command in '/home/arjun/ldlidar_ros2_ws/build/nav2_mapless' returned '0': CMAKE_PREFIX_PATH=${CMAKE_PREFIX_PATH}:/home/arjun/ldlidar_ros2_ws/install/a_star_new:/opt/ros/jazzy DEBUGINFOD_URLS=https://debuginfod.ubuntu.com /usr/bin/cmake --install /home/arjun/ldlidar_ros2_ws/build/nav2_mapless
