[0.392s] Invoking command in '/home/arjun/ldlidar_ros2_ws/build/esp32_bridge': CMAKE_PREFIX_PATH=${CMAKE_PREFIX_PATH}:/home/arjun/ldlidar_ros2_ws/install/a_star_new:/opt/ros/jazzy DEBUGINFOD_URLS=https://debuginfod.ubuntu.com /usr/bin/cmake /home/arjun/ldlidar_ros2_ws/src/esp32_bridge -DCMAKE_INSTALL_PREFIX=/home/arjun/ldlidar_ros2_ws/install/esp32_bridge
[0.458s] -- Found ament_cmake: 2.5.3 (/opt/ros/jazzy/share/ament_cmake/cmake)
[0.958s] -- Override CMake install command with custom implementation using symlinks instead of copying resources
[1.009s] -- Found rclcpp: 28.1.6 (/opt/ros/jazzy/share/rclcpp/cmake)
[1.134s] -- Found rosidl_generator_c: 4.6.5 (/opt/ros/jazzy/share/rosidl_generator_c/cmake)
[1.158s] -- Found rosidl_generator_cpp: 4.6.5 (/opt/ros/jazzy/share/rosidl_generator_cpp/cmake)
[1.200s] -- Using all available rosidl_typesupport_c: rosidl_typesupport_fastrtps_c;rosidl_typesupport_introspection_c
[1.241s] -- Using all available rosidl_typesupport_cpp: rosidl_typesupport_fastrtps_cpp;rosidl_typesupport_introspection_cpp
[1.465s] -- Found rmw_implementation_cmake: 7.3.1 (/opt/ros/jazzy/share/rmw_implementation_cmake/cmake)
[1.482s] -- Found rmw_cyclonedds_cpp: 2.2.3 (/opt/ros/jazzy/share/rmw_cyclonedds_cpp/cmake)
[1.569s] -- Using RMW implementation 'rmw_cyclonedds_cpp' as default
[1.750s] -- Found rclpy: 7.1.3 (/opt/ros/jazzy/share/rclpy/cmake)
[1.754s] -- Found geometry_msgs: 5.3.5 (/opt/ros/jazzy/share/geometry_msgs/cmake)
[1.855s] -- Found nav_msgs: 5.3.5 (/opt/ros/jazzy/share/nav_msgs/cmake)
[1.910s] -- Found sensor_msgs: 5.3.5 (/opt/ros/jazzy/share/sensor_msgs/cmake)
[1.957s] -- Found tf2: 0.36.8 (/opt/ros/jazzy/share/tf2/cmake)
[1.965s] -- Found tf2_ros: 0.36.8 (/opt/ros/jazzy/share/tf2_ros/cmake)
[2.182s] -- Found robot_state_publisher: 3.3.3 (/opt/ros/jazzy/share/robot_state_publisher/cmake)
[2.214s] -- Found TinyXML2 via Config file: /usr/lib/aarch64-linux-gnu/cmake/tinyxml2
[2.227s] -- Found slam_toolbox: 2.8.2 (/opt/ros/jazzy/share/slam_toolbox/cmake)
[2.358s] -- Found eigen3_cmake_module: 0.3.0 (/opt/ros/jazzy/share/eigen3_cmake_module/cmake)
[2.361s] -- Ensuring Eigen3 include directory is part of orocos-kdl CMake target
[2.591s] -- Setting OGRE_DIR to: '/opt/ros/jazzy/share/rviz_ogre_vendor/cmake/../../../opt/rviz_ogre_vendor/lib/OGRE/cmake'
[2.599s] -- Found OGRE
[2.599s] --   static     : OFF
[2.599s] --   components : MeshLodGenerator;Overlay;Paging;Property;RTShaderSystem;Terrain;Volume
[2.599s] --   plugins    : Plugin_BSPSceneManager;Plugin_OctreeSceneManager;Plugin_PCZSceneManager;Plugin_ParticleFX;RenderSystem_GL;RenderSystem_GL3Plus;Codec_STBI
[2.599s] --   media      : /opt/ros/jazzy/opt/rviz_ogre_vendor/share/OGRE/Media
[2.600s] -- OGRE_LIBRARIES: OgreMeshLodGenerator;OgreOverlay;OgrePaging;OgreProperty;OgreRTShaderSystem;OgreTerrain;OgreVolume;OgreMain
[2.600s] -- OGRE_LIBRARY_DIRS: /opt/ros/jazzy/opt/rviz_ogre_vendor/lib
[2.600s] -- OGRE_PLUGINS: Plugin_BSPSceneManager;Plugin_OctreeSceneManager;Plugin_PCZSceneManager;Plugin_ParticleFX;RenderSystem_GL;RenderSystem_GL3Plus;Codec_STBI
[2.600s] -- OGRE_PLUGIN_DIR: /opt/ros/jazzy/opt/rviz_ogre_vendor/lib/OGRE
[2.600s] -- rviz_ogre_vendor::OgreOverlay for IMPORTED_LOCATION_RELEASE: /opt/ros/jazzy/opt/rviz_ogre_vendor/lib/libOgreOverlay.so
[2.600s] -- rviz_ogre_vendor::OgreOverlay for IMPORTED_LOCATION_DEBUG: /opt/ros/jazzy/opt/rviz_ogre_vendor/lib/libOgreOverlay.so
[2.600s] -- rviz_ogre_vendor::OgreMain for IMPORTED_LOCATION_RELEASE: /opt/ros/jazzy/opt/rviz_ogre_vendor/lib/libOgreMain.so
[2.600s] -- rviz_ogre_vendor::OgreMain for IMPORTED_LOCATION_DEBUG: /opt/ros/jazzy/opt/rviz_ogre_vendor/lib/libOgreMain.so
[2.850s] -- Setting yaml-cpp_DIR to: '/opt/ros/jazzy/share/yaml_cpp_vendor/cmake/../../../opt/yaml_cpp_vendor/share/cmake/yaml-cpp'
[3.060s] -- Found nav2_lifecycle_manager: 1.3.5 (/opt/ros/jazzy/share/nav2_lifecycle_manager/cmake)
[3.505s] -- Configuring done (3.1s)
[3.552s] -- Generating done (0.0s)
[3.571s] -- Build files have been written to: /home/arjun/ldlidar_ros2_ws/build/esp32_bridge
[3.598s] Invoked command in '/home/arjun/ldlidar_ros2_ws/build/esp32_bridge' returned '0': CMAKE_PREFIX_PATH=${CMAKE_PREFIX_PATH}:/home/arjun/ldlidar_ros2_ws/install/a_star_new:/opt/ros/jazzy DEBUGINFOD_URLS=https://debuginfod.ubuntu.com /usr/bin/cmake /home/arjun/ldlidar_ros2_ws/src/esp32_bridge -DCMAKE_INSTALL_PREFIX=/home/arjun/ldlidar_ros2_ws/install/esp32_bridge
[3.600s] Invoking command in '/home/arjun/ldlidar_ros2_ws/build/esp32_bridge': CMAKE_PREFIX_PATH=${CMAKE_PREFIX_PATH}:/home/arjun/ldlidar_ros2_ws/install/a_star_new:/opt/ros/jazzy DEBUGINFOD_URLS=https://debuginfod.ubuntu.com /usr/bin/cmake --build /home/arjun/ldlidar_ros2_ws/build/esp32_bridge -- -j4 -l4
[3.718s] [100%] Built target esp32_bridge_node
[3.740s] Invoked command in '/home/arjun/ldlidar_ros2_ws/build/esp32_bridge' returned '0': CMAKE_PREFIX_PATH=${CMAKE_PREFIX_PATH}:/home/arjun/ldlidar_ros2_ws/install/a_star_new:/opt/ros/jazzy DEBUGINFOD_URLS=https://debuginfod.ubuntu.com /usr/bin/cmake --build /home/arjun/ldlidar_ros2_ws/build/esp32_bridge -- -j4 -l4
[3.742s] Invoking command in '/home/arjun/ldlidar_ros2_ws/build/esp32_bridge': CMAKE_PREFIX_PATH=${CMAKE_PREFIX_PATH}:/home/arjun/ldlidar_ros2_ws/install/a_star_new:/opt/ros/jazzy DEBUGINFOD_URLS=https://debuginfod.ubuntu.com /usr/bin/cmake --install /home/arjun/ldlidar_ros2_ws/build/esp32_bridge
[3.758s] -- Install configuration: ""
[3.758s] -- Execute custom install script
[3.759s] -- Up-to-date symlink: /home/arjun/ldlidar_ros2_ws/install/esp32_bridge/lib/esp32_bridge/esp32_bridge_node
[3.760s] -- Up-to-date symlink: /home/arjun/ldlidar_ros2_ws/install/esp32_bridge/share/esp32_bridge//launch/a_star_launch.py
[3.760s] -- Up-to-date symlink: /home/arjun/ldlidar_ros2_ws/install/esp32_bridge/share/esp32_bridge//launch/full_robot.launch.py
[3.760s] -- Up-to-date symlink: /home/arjun/ldlidar_ros2_ws/install/esp32_bridge/share/esp32_bridge//launch/ld14p.launch.py
[3.761s] -- Up-to-date symlink: /home/arjun/ldlidar_ros2_ws/install/esp32_bridge/share/esp32_bridge//launch/motors_only.launch.py
[3.761s] -- Up-to-date symlink: /home/arjun/ldlidar_ros2_ws/install/esp32_bridge/share/esp32_bridge//launch/simple_a_star_launch.py
[3.761s] -- Up-to-date symlink: /home/arjun/ldlidar_ros2_ws/install/esp32_bridge/share/esp32_bridge//launch/slam_new.launch.py
[3.761s] -- Up-to-date symlink: /home/arjun/ldlidar_ros2_ws/install/esp32_bridge/share/esp32_bridge//urdf/assem2.urdf
[3.762s] -- Up-to-date symlink: /home/arjun/ldlidar_ros2_ws/install/esp32_bridge/share/esp32_bridge//meshes/base_link.STL
[3.763s] -- Up-to-date symlink: /home/arjun/ldlidar_ros2_ws/install/esp32_bridge/share/esp32_bridge//config/cartographer.lua
[3.763s] -- Up-to-date symlink: /home/arjun/ldlidar_ros2_ws/install/esp32_bridge/share/esp32_bridge//config/mapless_nav_params.yaml
[3.763s] -- Up-to-date symlink: /home/arjun/ldlidar_ros2_ws/install/esp32_bridge/share/esp32_bridge//config/nav2_params.yaml
[3.763s] -- Up-to-date symlink: /home/arjun/ldlidar_ros2_ws/install/esp32_bridge/share/esp32_bridge//config/slam_toolbox.yaml
[3.763s] -- Up-to-date symlink: /home/arjun/ldlidar_ros2_ws/install/esp32_bridge/share/esp32_bridge//config/slam_toolbox_params.yaml
[3.764s] -- Up-to-date symlink: /home/arjun/ldlidar_ros2_ws/install/esp32_bridge/share/esp32_bridge//rviz/simple_a_star.rviz
[3.765s] -- Up-to-date symlink: /home/arjun/ldlidar_ros2_ws/install/esp32_bridge/share/ament_index/resource_index/package_run_dependencies/esp32_bridge
[3.765s] -- Up-to-date symlink: /home/arjun/ldlidar_ros2_ws/install/esp32_bridge/share/ament_index/resource_index/parent_prefix_path/esp32_bridge
[3.765s] -- Up-to-date symlink: /home/arjun/ldlidar_ros2_ws/install/esp32_bridge/share/esp32_bridge/environment/ament_prefix_path.sh
[3.765s] -- Up-to-date symlink: /home/arjun/ldlidar_ros2_ws/install/esp32_bridge/share/esp32_bridge/environment/ament_prefix_path.dsv
[3.765s] -- Up-to-date symlink: /home/arjun/ldlidar_ros2_ws/install/esp32_bridge/share/esp32_bridge/environment/path.sh
[3.766s] -- Up-to-date symlink: /home/arjun/ldlidar_ros2_ws/install/esp32_bridge/share/esp32_bridge/environment/path.dsv
[3.766s] -- Up-to-date symlink: /home/arjun/ldlidar_ros2_ws/install/esp32_bridge/share/esp32_bridge/local_setup.bash
[3.766s] -- Up-to-date symlink: /home/arjun/ldlidar_ros2_ws/install/esp32_bridge/share/esp32_bridge/local_setup.sh
[3.766s] -- Up-to-date symlink: /home/arjun/ldlidar_ros2_ws/install/esp32_bridge/share/esp32_bridge/local_setup.zsh
[3.766s] -- Up-to-date symlink: /home/arjun/ldlidar_ros2_ws/install/esp32_bridge/share/esp32_bridge/local_setup.dsv
[3.767s] -- Symlinking: /home/arjun/ldlidar_ros2_ws/install/esp32_bridge/share/esp32_bridge/package.dsv
[3.788s] -- Up-to-date symlink: /home/arjun/ldlidar_ros2_ws/install/esp32_bridge/share/ament_index/resource_index/packages/esp32_bridge
[3.788s] -- Up-to-date symlink: /home/arjun/ldlidar_ros2_ws/install/esp32_bridge/share/esp32_bridge/cmake/esp32_bridgeConfig.cmake
[3.788s] -- Up-to-date symlink: /home/arjun/ldlidar_ros2_ws/install/esp32_bridge/share/esp32_bridge/cmake/esp32_bridgeConfig-version.cmake
[3.789s] -- Up-to-date symlink: /home/arjun/ldlidar_ros2_ws/install/esp32_bridge/share/esp32_bridge/package.xml
[3.789s] -- Installing: /home/arjun/ldlidar_ros2_ws/install/esp32_bridge/lib/esp32_bridge/simple_a_star
[3.794s] Invoked command in '/home/arjun/ldlidar_ros2_ws/build/esp32_bridge' returned '0': CMAKE_PREFIX_PATH=${CMAKE_PREFIX_PATH}:/home/arjun/ldlidar_ros2_ws/install/a_star_new:/opt/ros/jazzy DEBUGINFOD_URLS=https://debuginfod.ubuntu.com /usr/bin/cmake --install /home/arjun/ldlidar_ros2_ws/build/esp32_bridge
