[0.216s] DEBUG:colcon:Command line arguments: ['/usr/bin/colcon', 'build', '--packages-select', 'esp32_bridge', '--symlink-install']
[0.216s] DEBUG:colcon:Parsed command line arguments: Namespace(log_base=None, log_level=None, verb_name='build', build_base='build', install_base='install', merge_install=False, symlink_install=True, test_result_base=None, continue_on_error=False, executor='parallel', parallel_workers=4, event_handlers=None, ignore_user_meta=False, metas=['./colcon.meta'], base_paths=['.'], packages_ignore=None, packages_ignore_regex=None, paths=None, packages_up_to=None, packages_up_to_regex=None, packages_above=None, packages_above_and_dependencies=None, packages_above_depth=None, packages_select_by_dep=None, packages_skip_by_dep=None, packages_skip_up_to=None, packages_select_build_failed=False, packages_skip_build_finished=False, packages_select_test_failures=False, packages_skip_test_passed=False, packages_select=['esp32_bridge'], packages_skip=None, packages_select_regex=None, packages_skip_regex=None, packages_start=None, packages_end=None, allow_overriding=[], cmake_args=None, cmake_target=None, cmake_target_skip_unavailable=False, cmake_clean_cache=False, cmake_clean_first=False, cmake_force_configure=False, ament_cmake_args=None, catkin_cmake_args=None, catkin_skip_building_tests=False, mixin_files=None, mixin=None, verb_parser=<colcon_mixin.mixin.mixin_argument.MixinArgumentDecorator object at 0xffffbbf99340>, verb_extension=<colcon_core.verb.build.BuildVerb object at 0xffffbc0c50d0>, main=<bound method BuildVerb.main of <colcon_core.verb.build.BuildVerb object at 0xffffbc0c50d0>>, mixin_verb=('build',))
[0.322s] Level 1:colcon.colcon_core.package_discovery:discover_packages(colcon_meta) check parameters
[0.322s] Level 1:colcon.colcon_core.package_discovery:discover_packages(recursive) check parameters
[0.322s] Level 1:colcon.colcon_core.package_discovery:discover_packages(ignore) check parameters
[0.323s] Level 1:colcon.colcon_core.package_discovery:discover_packages(path) check parameters
[0.323s] Level 1:colcon.colcon_core.package_discovery:discover_packages(colcon_meta) discover
[0.323s] Level 1:colcon.colcon_core.package_discovery:discover_packages(recursive) discover
[0.323s] INFO:colcon.colcon_core.package_discovery:Crawling recursively for packages in '/home/arjun/ldlidar_ros2_ws'
[0.323s] Level 1:colcon.colcon_core.package_identification:_identify(.) by extensions ['ignore', 'ignore_ament_install']
[0.323s] Level 1:colcon.colcon_core.package_identification:_identify(.) by extension 'ignore'
[0.323s] Level 1:colcon.colcon_core.package_identification:_identify(.) by extension 'ignore_ament_install'
[0.323s] Level 1:colcon.colcon_core.package_identification:_identify(.) by extensions ['colcon_pkg']
[0.323s] Level 1:colcon.colcon_core.package_identification:_identify(.) by extension 'colcon_pkg'
[0.323s] Level 1:colcon.colcon_core.package_identification:_identify(.) by extensions ['colcon_meta']
[0.323s] Level 1:colcon.colcon_core.package_identification:_identify(.) by extension 'colcon_meta'
[0.323s] Level 1:colcon.colcon_core.package_identification:_identify(.) by extensions ['ros']
[0.323s] Level 1:colcon.colcon_core.package_identification:_identify(.) by extension 'ros'
[0.384s] Level 1:colcon.colcon_core.package_identification:_identify(.) by extensions ['cmake', 'python']
[0.384s] Level 1:colcon.colcon_core.package_identification:_identify(.) by extension 'cmake'
[0.384s] Level 1:colcon.colcon_core.package_identification:_identify(.) by extension 'python'
[0.384s] Level 1:colcon.colcon_core.package_identification:_identify(.) by extensions ['python_setup_py']
[0.384s] Level 1:colcon.colcon_core.package_identification:_identify(.) by extension 'python_setup_py'
[0.384s] Level 1:colcon.colcon_core.package_identification:_identify(build) by extensions ['ignore', 'ignore_ament_install']
[0.385s] Level 1:colcon.colcon_core.package_identification:_identify(build) by extension 'ignore'
[0.385s] Level 1:colcon.colcon_core.package_identification:_identify(build) ignored
[0.385s] Level 1:colcon.colcon_core.package_identification:_identify(install) by extensions ['ignore', 'ignore_ament_install']
[0.385s] Level 1:colcon.colcon_core.package_identification:_identify(install) by extension 'ignore'
[0.385s] Level 1:colcon.colcon_core.package_identification:_identify(install) ignored
[0.385s] Level 1:colcon.colcon_core.package_identification:_identify(log) by extensions ['ignore', 'ignore_ament_install']
[0.385s] Level 1:colcon.colcon_core.package_identification:_identify(log) by extension 'ignore'
[0.385s] Level 1:colcon.colcon_core.package_identification:_identify(log) ignored
[0.385s] Level 1:colcon.colcon_core.package_identification:_identify(src) by extensions ['ignore', 'ignore_ament_install']
[0.385s] Level 1:colcon.colcon_core.package_identification:_identify(src) by extension 'ignore'
[0.385s] Level 1:colcon.colcon_core.package_identification:_identify(src) by extension 'ignore_ament_install'
[0.386s] Level 1:colcon.colcon_core.package_identification:_identify(src) by extensions ['colcon_pkg']
[0.386s] Level 1:colcon.colcon_core.package_identification:_identify(src) by extension 'colcon_pkg'
[0.386s] Level 1:colcon.colcon_core.package_identification:_identify(src) by extensions ['colcon_meta']
[0.386s] Level 1:colcon.colcon_core.package_identification:_identify(src) by extension 'colcon_meta'
[0.386s] Level 1:colcon.colcon_core.package_identification:_identify(src) by extensions ['ros']
[0.386s] Level 1:colcon.colcon_core.package_identification:_identify(src) by extension 'ros'
[0.386s] Level 1:colcon.colcon_core.package_identification:_identify(src) by extensions ['cmake', 'python']
[0.386s] Level 1:colcon.colcon_core.package_identification:_identify(src) by extension 'cmake'
[0.386s] Level 1:colcon.colcon_core.package_identification:_identify(src) by extension 'python'
[0.386s] Level 1:colcon.colcon_core.package_identification:_identify(src) by extensions ['python_setup_py']
[0.386s] Level 1:colcon.colcon_core.package_identification:_identify(src) by extension 'python_setup_py'
[0.386s] Level 1:colcon.colcon_core.package_identification:_identify(src/a_star_new) by extensions ['ignore', 'ignore_ament_install']
[0.386s] Level 1:colcon.colcon_core.package_identification:_identify(src/a_star_new) by extension 'ignore'
[0.386s] Level 1:colcon.colcon_core.package_identification:_identify(src/a_star_new) by extension 'ignore_ament_install'
[0.386s] Level 1:colcon.colcon_core.package_identification:_identify(src/a_star_new) by extensions ['colcon_pkg']
[0.386s] Level 1:colcon.colcon_core.package_identification:_identify(src/a_star_new) by extension 'colcon_pkg'
[0.386s] Level 1:colcon.colcon_core.package_identification:_identify(src/a_star_new) by extensions ['colcon_meta']
[0.386s] Level 1:colcon.colcon_core.package_identification:_identify(src/a_star_new) by extension 'colcon_meta'
[0.386s] Level 1:colcon.colcon_core.package_identification:_identify(src/a_star_new) by extensions ['ros']
[0.386s] Level 1:colcon.colcon_core.package_identification:_identify(src/a_star_new) by extension 'ros'
[0.392s] DEBUG:colcon.colcon_core.package_identification:Package 'src/a_star_new' with type 'ros.ament_python' and name 'a_star_new'
[0.392s] Level 1:colcon.colcon_core.package_identification:_identify(src/esp32_bridge) by extensions ['ignore', 'ignore_ament_install']
[0.393s] Level 1:colcon.colcon_core.package_identification:_identify(src/esp32_bridge) by extension 'ignore'
[0.393s] Level 1:colcon.colcon_core.package_identification:_identify(src/esp32_bridge) by extension 'ignore_ament_install'
[0.393s] Level 1:colcon.colcon_core.package_identification:_identify(src/esp32_bridge) by extensions ['colcon_pkg']
[0.393s] Level 1:colcon.colcon_core.package_identification:_identify(src/esp32_bridge) by extension 'colcon_pkg'
[0.393s] Level 1:colcon.colcon_core.package_identification:_identify(src/esp32_bridge) by extensions ['colcon_meta']
[0.393s] Level 1:colcon.colcon_core.package_identification:_identify(src/esp32_bridge) by extension 'colcon_meta'
[0.393s] Level 1:colcon.colcon_core.package_identification:_identify(src/esp32_bridge) by extensions ['ros']
[0.393s] Level 1:colcon.colcon_core.package_identification:_identify(src/esp32_bridge) by extension 'ros'
[0.395s] DEBUG:colcon.colcon_core.package_identification:Package 'src/esp32_bridge' with type 'ros.ament_cmake' and name 'esp32_bridge'
[0.395s] Level 1:colcon.colcon_core.package_identification:_identify(src/ldlidar_sl_ros2) by extensions ['ignore', 'ignore_ament_install']
[0.395s] Level 1:colcon.colcon_core.package_identification:_identify(src/ldlidar_sl_ros2) by extension 'ignore'
[0.395s] Level 1:colcon.colcon_core.package_identification:_identify(src/ldlidar_sl_ros2) by extension 'ignore_ament_install'
[0.395s] Level 1:colcon.colcon_core.package_identification:_identify(src/ldlidar_sl_ros2) by extensions ['colcon_pkg']
[0.395s] Level 1:colcon.colcon_core.package_identification:_identify(src/ldlidar_sl_ros2) by extension 'colcon_pkg'
[0.395s] Level 1:colcon.colcon_core.package_identification:_identify(src/ldlidar_sl_ros2) by extensions ['colcon_meta']
[0.395s] Level 1:colcon.colcon_core.package_identification:_identify(src/ldlidar_sl_ros2) by extension 'colcon_meta'
[0.395s] Level 1:colcon.colcon_core.package_identification:_identify(src/ldlidar_sl_ros2) by extensions ['ros']
[0.395s] Level 1:colcon.colcon_core.package_identification:_identify(src/ldlidar_sl_ros2) by extension 'ros'
[0.397s] DEBUG:colcon.colcon_core.package_identification:Package 'src/ldlidar_sl_ros2' with type 'ros.ament_cmake' and name 'ldlidar_sl_ros2'
[0.397s] Level 1:colcon.colcon_core.package_identification:_identify(src/nav2_mapless) by extensions ['ignore', 'ignore_ament_install']
[0.397s] Level 1:colcon.colcon_core.package_identification:_identify(src/nav2_mapless) by extension 'ignore'
[0.397s] Level 1:colcon.colcon_core.package_identification:_identify(src/nav2_mapless) by extension 'ignore_ament_install'
[0.397s] Level 1:colcon.colcon_core.package_identification:_identify(src/nav2_mapless) by extensions ['colcon_pkg']
[0.397s] Level 1:colcon.colcon_core.package_identification:_identify(src/nav2_mapless) by extension 'colcon_pkg'
[0.397s] Level 1:colcon.colcon_core.package_identification:_identify(src/nav2_mapless) by extensions ['colcon_meta']
[0.397s] Level 1:colcon.colcon_core.package_identification:_identify(src/nav2_mapless) by extension 'colcon_meta'
[0.397s] Level 1:colcon.colcon_core.package_identification:_identify(src/nav2_mapless) by extensions ['ros']
[0.397s] Level 1:colcon.colcon_core.package_identification:_identify(src/nav2_mapless) by extension 'ros'
[0.399s] DEBUG:colcon.colcon_core.package_identification:Package 'src/nav2_mapless' with type 'ros.ament_cmake' and name 'nav2_mapless'
[0.399s] Level 1:colcon.colcon_core.package_discovery:discover_packages(recursive) using defaults
[0.399s] Level 1:colcon.colcon_core.package_discovery:discover_packages(ignore) discover
[0.399s] Level 1:colcon.colcon_core.package_discovery:discover_packages(ignore) using defaults
[0.399s] Level 1:colcon.colcon_core.package_discovery:discover_packages(path) discover
[0.399s] Level 1:colcon.colcon_core.package_discovery:discover_packages(path) using defaults
[0.441s] INFO:colcon.colcon_core.package_selection:Skipping not selected package 'a_star_new' in 'src/a_star_new'
[0.441s] INFO:colcon.colcon_core.package_selection:Skipping not selected package 'ldlidar_sl_ros2' in 'src/ldlidar_sl_ros2'
[0.441s] INFO:colcon.colcon_core.package_selection:Skipping not selected package 'nav2_mapless' in 'src/nav2_mapless'
[0.442s] Level 1:colcon.colcon_core.package_discovery:discover_packages(prefix_path) check parameters
[0.442s] Level 1:colcon.colcon_core.package_discovery:discover_packages(prefix_path) discover
[0.447s] DEBUG:colcon.colcon_installed_package_information.package_discovery:Found 4 installed packages in /home/arjun/ldlidar_ros2_ws/install
[0.450s] DEBUG:colcon.colcon_installed_package_information.package_discovery:Found 391 installed packages in /opt/ros/jazzy
[0.453s] Level 1:colcon.colcon_core.package_discovery:discover_packages(prefix_path) using defaults
[0.534s] Level 5:colcon.colcon_core.verb:set package 'esp32_bridge' build argument 'cmake_args' from command line to 'None'
[0.534s] Level 5:colcon.colcon_core.verb:set package 'esp32_bridge' build argument 'cmake_target' from command line to 'None'
[0.534s] Level 5:colcon.colcon_core.verb:set package 'esp32_bridge' build argument 'cmake_target_skip_unavailable' from command line to 'False'
[0.534s] Level 5:colcon.colcon_core.verb:set package 'esp32_bridge' build argument 'cmake_clean_cache' from command line to 'False'
[0.534s] Level 5:colcon.colcon_core.verb:set package 'esp32_bridge' build argument 'cmake_clean_first' from command line to 'False'
[0.534s] Level 5:colcon.colcon_core.verb:set package 'esp32_bridge' build argument 'cmake_force_configure' from command line to 'False'
[0.534s] Level 5:colcon.colcon_core.verb:set package 'esp32_bridge' build argument 'ament_cmake_args' from command line to 'None'
[0.534s] Level 5:colcon.colcon_core.verb:set package 'esp32_bridge' build argument 'catkin_cmake_args' from command line to 'None'
[0.534s] Level 5:colcon.colcon_core.verb:set package 'esp32_bridge' build argument 'catkin_skip_building_tests' from command line to 'False'
[0.534s] DEBUG:colcon.colcon_core.verb:Building package 'esp32_bridge' with the following arguments: {'ament_cmake_args': None, 'build_base': '/home/arjun/ldlidar_ros2_ws/build/esp32_bridge', 'catkin_cmake_args': None, 'catkin_skip_building_tests': False, 'cmake_args': None, 'cmake_clean_cache': False, 'cmake_clean_first': False, 'cmake_force_configure': False, 'cmake_target': None, 'cmake_target_skip_unavailable': False, 'install_base': '/home/arjun/ldlidar_ros2_ws/install/esp32_bridge', 'merge_install': False, 'path': '/home/arjun/ldlidar_ros2_ws/src/esp32_bridge', 'symlink_install': True, 'test_result_base': None}
[0.535s] INFO:colcon.colcon_core.executor:Executing jobs using 'parallel' executor
[0.536s] DEBUG:colcon.colcon_parallel_executor.executor.parallel:run_until_complete
[0.536s] INFO:colcon.colcon_ros.task.ament_cmake.build:Building ROS package in '/home/arjun/ldlidar_ros2_ws/src/esp32_bridge' with build type 'ament_cmake'
[0.537s] INFO:colcon.colcon_cmake.task.cmake.build:Building CMake package in '/home/arjun/ldlidar_ros2_ws/src/esp32_bridge'
[0.550s] INFO:colcon.colcon_core.plugin_system:Skipping extension 'colcon_core.shell.bat': Not used on non-Windows systems
[0.550s] INFO:colcon.colcon_core.shell:Skip shell extension 'powershell' for command environment: Not usable outside of PowerShell
[0.550s] DEBUG:colcon.colcon_core.shell:Skip shell extension 'dsv' for command environment
[0.585s] DEBUG:colcon.colcon_core.event_handler.log_command:Invoking command in '/home/arjun/ldlidar_ros2_ws/build/esp32_bridge': CMAKE_PREFIX_PATH=${CMAKE_PREFIX_PATH}:/home/arjun/ldlidar_ros2_ws/install/a_star_new:/opt/ros/jazzy DEBUGINFOD_URLS=https://debuginfod.ubuntu.com /usr/bin/cmake --build /home/arjun/ldlidar_ros2_ws/build/esp32_bridge -- -j4 -l4
[0.732s] DEBUG:colcon.colcon_core.event_handler.log_command:Invoked command in '/home/arjun/ldlidar_ros2_ws/build/esp32_bridge' returned '0': CMAKE_PREFIX_PATH=${CMAKE_PREFIX_PATH}:/home/arjun/ldlidar_ros2_ws/install/a_star_new:/opt/ros/jazzy DEBUGINFOD_URLS=https://debuginfod.ubuntu.com /usr/bin/cmake --build /home/arjun/ldlidar_ros2_ws/build/esp32_bridge -- -j4 -l4
[0.756s] DEBUG:colcon.colcon_core.event_handler.log_command:Invoking command in '/home/arjun/ldlidar_ros2_ws/build/esp32_bridge': CMAKE_PREFIX_PATH=${CMAKE_PREFIX_PATH}:/home/arjun/ldlidar_ros2_ws/install/a_star_new:/opt/ros/jazzy DEBUGINFOD_URLS=https://debuginfod.ubuntu.com /usr/bin/cmake --install /home/arjun/ldlidar_ros2_ws/build/esp32_bridge
[0.807s] Level 1:colcon.colcon_core.environment:create_environment_scripts_only(esp32_bridge)
[0.808s] DEBUG:colcon.colcon_core.event_handler.log_command:Invoked command in '/home/arjun/ldlidar_ros2_ws/build/esp32_bridge' returned '0': CMAKE_PREFIX_PATH=${CMAKE_PREFIX_PATH}:/home/arjun/ldlidar_ros2_ws/install/a_star_new:/opt/ros/jazzy DEBUGINFOD_URLS=https://debuginfod.ubuntu.com /usr/bin/cmake --install /home/arjun/ldlidar_ros2_ws/build/esp32_bridge
[0.811s] Level 1:colcon.colcon_core.environment:checking '/home/arjun/ldlidar_ros2_ws/install/esp32_bridge' for CMake module files
[0.812s] Level 1:colcon.colcon_core.environment:checking '/home/arjun/ldlidar_ros2_ws/install/esp32_bridge' for CMake config files
[0.812s] Level 1:colcon.colcon_core.shell:create_environment_hook('esp32_bridge', 'cmake_prefix_path')
[0.813s] INFO:colcon.colcon_core.shell:Creating environment hook '/home/arjun/ldlidar_ros2_ws/install/esp32_bridge/share/esp32_bridge/hook/cmake_prefix_path.ps1'
[0.814s] INFO:colcon.colcon_core.shell:Creating environment descriptor '/home/arjun/ldlidar_ros2_ws/install/esp32_bridge/share/esp32_bridge/hook/cmake_prefix_path.dsv'
[0.818s] INFO:colcon.colcon_core.shell:Creating environment hook '/home/arjun/ldlidar_ros2_ws/install/esp32_bridge/share/esp32_bridge/hook/cmake_prefix_path.sh'
[0.828s] Level 1:colcon.colcon_core.environment:checking '/home/arjun/ldlidar_ros2_ws/install/esp32_bridge/lib'
[0.829s] Level 1:colcon.colcon_core.environment:checking '/home/arjun/ldlidar_ros2_ws/install/esp32_bridge/bin'
[0.829s] Level 1:colcon.colcon_core.environment:checking '/home/arjun/ldlidar_ros2_ws/install/esp32_bridge/lib/pkgconfig/esp32_bridge.pc'
[0.829s] Level 1:colcon.colcon_core.environment:checking '/home/arjun/ldlidar_ros2_ws/install/esp32_bridge/lib/python3.12/site-packages'
[0.829s] Level 1:colcon.colcon_core.environment:checking '/home/arjun/ldlidar_ros2_ws/install/esp32_bridge/bin'
[0.830s] INFO:colcon.colcon_core.shell:Creating package script '/home/arjun/ldlidar_ros2_ws/install/esp32_bridge/share/esp32_bridge/package.ps1'
[0.831s] INFO:colcon.colcon_core.shell:Creating package descriptor '/home/arjun/ldlidar_ros2_ws/install/esp32_bridge/share/esp32_bridge/package.dsv'
[0.832s] INFO:colcon.colcon_core.shell:Creating package script '/home/arjun/ldlidar_ros2_ws/install/esp32_bridge/share/esp32_bridge/package.sh'
[0.836s] INFO:colcon.colcon_core.shell:Creating package script '/home/arjun/ldlidar_ros2_ws/install/esp32_bridge/share/esp32_bridge/package.bash'
[0.841s] INFO:colcon.colcon_core.shell:Creating package script '/home/arjun/ldlidar_ros2_ws/install/esp32_bridge/share/esp32_bridge/package.zsh'
[0.853s] Level 1:colcon.colcon_core.environment:create_file_with_runtime_dependencies(/home/arjun/ldlidar_ros2_ws/install/esp32_bridge/share/colcon-core/packages/esp32_bridge)
[0.857s] Level 1:colcon.colcon_core.environment:create_environment_scripts_only(esp32_bridge)
[0.858s] Level 1:colcon.colcon_core.environment:checking '/home/arjun/ldlidar_ros2_ws/install/esp32_bridge' for CMake module files
[0.859s] Level 1:colcon.colcon_core.environment:checking '/home/arjun/ldlidar_ros2_ws/install/esp32_bridge' for CMake config files
[0.859s] Level 1:colcon.colcon_core.shell:create_environment_hook('esp32_bridge', 'cmake_prefix_path')
[0.860s] INFO:colcon.colcon_core.shell:Creating environment hook '/home/arjun/ldlidar_ros2_ws/install/esp32_bridge/share/esp32_bridge/hook/cmake_prefix_path.ps1'
[0.861s] INFO:colcon.colcon_core.shell:Creating environment descriptor '/home/arjun/ldlidar_ros2_ws/install/esp32_bridge/share/esp32_bridge/hook/cmake_prefix_path.dsv'
[0.866s] INFO:colcon.colcon_core.shell:Creating environment hook '/home/arjun/ldlidar_ros2_ws/install/esp32_bridge/share/esp32_bridge/hook/cmake_prefix_path.sh'
[0.872s] Level 1:colcon.colcon_core.environment:checking '/home/arjun/ldlidar_ros2_ws/install/esp32_bridge/lib'
[0.872s] Level 1:colcon.colcon_core.environment:checking '/home/arjun/ldlidar_ros2_ws/install/esp32_bridge/bin'
[0.872s] Level 1:colcon.colcon_core.environment:checking '/home/arjun/ldlidar_ros2_ws/install/esp32_bridge/lib/pkgconfig/esp32_bridge.pc'
[0.873s] Level 1:colcon.colcon_core.environment:checking '/home/arjun/ldlidar_ros2_ws/install/esp32_bridge/lib/python3.12/site-packages'
[0.873s] Level 1:colcon.colcon_core.environment:checking '/home/arjun/ldlidar_ros2_ws/install/esp32_bridge/bin'
[0.874s] INFO:colcon.colcon_core.shell:Creating package script '/home/arjun/ldlidar_ros2_ws/install/esp32_bridge/share/esp32_bridge/package.ps1'
[0.878s] INFO:colcon.colcon_core.shell:Creating package descriptor '/home/arjun/ldlidar_ros2_ws/install/esp32_bridge/share/esp32_bridge/package.dsv'
[0.889s] INFO:colcon.colcon_core.shell:Creating package script '/home/arjun/ldlidar_ros2_ws/install/esp32_bridge/share/esp32_bridge/package.sh'
[0.897s] INFO:colcon.colcon_core.shell:Creating package script '/home/arjun/ldlidar_ros2_ws/install/esp32_bridge/share/esp32_bridge/package.bash'
[0.904s] INFO:colcon.colcon_core.shell:Creating package script '/home/arjun/ldlidar_ros2_ws/install/esp32_bridge/share/esp32_bridge/package.zsh'
[0.912s] Level 1:colcon.colcon_core.environment:create_file_with_runtime_dependencies(/home/arjun/ldlidar_ros2_ws/install/esp32_bridge/share/colcon-core/packages/esp32_bridge)
[0.919s] DEBUG:colcon.colcon_parallel_executor.executor.parallel:closing loop
[0.920s] DEBUG:colcon.colcon_parallel_executor.executor.parallel:loop closed
[0.920s] DEBUG:colcon.colcon_parallel_executor.executor.parallel:run_until_complete finished with '0'
[0.920s] DEBUG:colcon.colcon_core.event_reactor:joining thread
[0.937s] INFO:colcon.colcon_core.plugin_system:Skipping extension 'colcon_notification.desktop_notification.terminal_notifier': Not used on non-Darwin systems
[0.937s] INFO:colcon.colcon_core.plugin_system:Skipping extension 'colcon_notification.desktop_notification.win32': Not used on non-Windows systems
[0.937s] INFO:colcon.colcon_notification.desktop_notification:Sending desktop notification using 'notify2'
[0.960s] DEBUG:colcon.colcon_core.event_reactor:joined thread
[0.960s] INFO:colcon.colcon_core.shell:Creating prefix script '/home/arjun/ldlidar_ros2_ws/install/local_setup.ps1'
[0.962s] INFO:colcon.colcon_core.shell:Creating prefix util module '/home/arjun/ldlidar_ros2_ws/install/_local_setup_util_ps1.py'
[0.971s] INFO:colcon.colcon_core.shell:Creating prefix chain script '/home/arjun/ldlidar_ros2_ws/install/setup.ps1'
[0.978s] INFO:colcon.colcon_core.shell:Creating prefix script '/home/arjun/ldlidar_ros2_ws/install/local_setup.sh'
[0.984s] INFO:colcon.colcon_core.shell:Creating prefix util module '/home/arjun/ldlidar_ros2_ws/install/_local_setup_util_sh.py'
[0.991s] INFO:colcon.colcon_core.shell:Creating prefix chain script '/home/arjun/ldlidar_ros2_ws/install/setup.sh'
[0.997s] INFO:colcon.colcon_core.shell:Creating prefix script '/home/arjun/ldlidar_ros2_ws/install/local_setup.bash'
[1.005s] INFO:colcon.colcon_core.shell:Creating prefix chain script '/home/arjun/ldlidar_ros2_ws/install/setup.bash'
[1.011s] INFO:colcon.colcon_core.shell:Creating prefix script '/home/arjun/ldlidar_ros2_ws/install/local_setup.zsh'
[1.018s] INFO:colcon.colcon_core.shell:Creating prefix chain script '/home/arjun/ldlidar_ros2_ws/install/setup.zsh'
