[0.026s] Invoking command in '/home/arjun/ldlidar_ros2_ws/build/esp32_bridge': CMAKE_PREFIX_PATH=${CMAKE_PREFIX_PATH}:/home/arjun/ldlidar_ros2_ws/install/a_star_new:/opt/ros/jazzy DEBUGINFOD_URLS=https://debuginfod.ubuntu.com /usr/bin/cmake /home/arjun/ldlidar_ros2_ws/src/esp32_bridge -DAMENT_CMAKE_SYMLINK_INSTALL=1 -DCMAKE_INSTALL_PREFIX=/home/arjun/ldlidar_ros2_ws/install/esp32_bridge
[0.541s] -- The C compiler identification is GNU 13.3.0
[1.136s] -- The CXX compiler identification is GNU 13.3.0
[1.175s] -- Detecting C compiler ABI info
[1.375s] -- Detecting C compiler ABI info - done
[1.391s] -- Check for working C compiler: /usr/bin/cc - skipped
[1.392s] -- Detecting C compile features
[1.393s] -- Detecting C compile features - done
[1.415s] -- Detecting CXX compiler ABI info
[1.619s] -- Detecting CXX compiler ABI info - done
[1.636s] -- Check for working CXX compiler: /usr/bin/c++ - skipped
[1.636s] -- Detecting CXX compile features
[1.637s] -- Detecting CXX compile features - done
[1.685s] -- Found ament_cmake: 2.5.3 (/opt/ros/jazzy/share/ament_cmake/cmake)
[1.962s] -- Found Python3: /usr/bin/python3 (found version "3.12.3") found components: Interpreter 
[2.105s] -- Override CMake install command with custom implementation using symlinks instead of copying resources
[2.256s] -- Found rclcpp: 28.1.6 (/opt/ros/jazzy/share/rclcpp/cmake)
[2.378s] -- Found rosidl_generator_c: 4.6.5 (/opt/ros/jazzy/share/rosidl_generator_c/cmake)
[2.422s] -- Found rosidl_generator_cpp: 4.6.5 (/opt/ros/jazzy/share/rosidl_generator_cpp/cmake)
[2.470s] -- Using all available rosidl_typesupport_c: rosidl_typesupport_fastrtps_c;rosidl_typesupport_introspection_c
[2.524s] -- Using all available rosidl_typesupport_cpp: rosidl_typesupport_fastrtps_cpp;rosidl_typesupport_introspection_cpp
[2.720s] -- Found rmw_implementation_cmake: 7.3.1 (/opt/ros/jazzy/share/rmw_implementation_cmake/cmake)
[2.731s] -- Found rmw_cyclonedds_cpp: 2.2.3 (/opt/ros/jazzy/share/rmw_cyclonedds_cpp/cmake)
[2.858s] -- Using RMW implementation 'rmw_cyclonedds_cpp' as default
[3.017s] -- Found rclpy: 7.1.3 (/opt/ros/jazzy/share/rclpy/cmake)
[3.024s] -- Found geometry_msgs: 5.3.5 (/opt/ros/jazzy/share/geometry_msgs/cmake)
[3.099s] -- Found nav_msgs: 5.3.5 (/opt/ros/jazzy/share/nav_msgs/cmake)
[3.154s] -- Found sensor_msgs: 5.3.5 (/opt/ros/jazzy/share/sensor_msgs/cmake)
[3.204s] -- Found tf2: 0.36.8 (/opt/ros/jazzy/share/tf2/cmake)
[3.224s] -- Found tf2_ros: 0.36.8 (/opt/ros/jazzy/share/tf2_ros/cmake)
[3.526s] -- Found robot_state_publisher: 3.3.3 (/opt/ros/jazzy/share/robot_state_publisher/cmake)
[3.593s] -- Found TinyXML2 via Config file: /usr/lib/aarch64-linux-gnu/cmake/tinyxml2
[3.633s] -- Found slam_toolbox: 2.8.2 (/opt/ros/jazzy/share/slam_toolbox/cmake)
[3.780s] -- Found eigen3_cmake_module: 0.3.0 (/opt/ros/jazzy/share/eigen3_cmake_module/cmake)
[3.783s] -- Found Eigen3: TRUE (found version "3.4.0") 
[3.783s] -- Ensuring Eigen3 include directory is part of orocos-kdl CMake target
[4.092s] -- Setting OGRE_DIR to: '/opt/ros/jazzy/share/rviz_ogre_vendor/cmake/../../../opt/rviz_ogre_vendor/lib/OGRE/cmake'
[4.095s] -- Found OGRE
[4.095s] --   static     : OFF
[4.095s] --   components : MeshLodGenerator;Overlay;Paging;Property;RTShaderSystem;Terrain;Volume
[4.096s] --   plugins    : Plugin_BSPSceneManager;Plugin_OctreeSceneManager;Plugin_PCZSceneManager;Plugin_ParticleFX;RenderSystem_GL;RenderSystem_GL3Plus;Codec_STBI
[4.096s] --   media      : /opt/ros/jazzy/opt/rviz_ogre_vendor/share/OGRE/Media
[4.096s] -- OGRE_LIBRARIES: OgreMeshLodGenerator;OgreOverlay;OgrePaging;OgreProperty;OgreRTShaderSystem;OgreTerrain;OgreVolume;OgreMain
[4.096s] -- OGRE_LIBRARY_DIRS: /opt/ros/jazzy/opt/rviz_ogre_vendor/lib
[4.096s] -- OGRE_PLUGINS: Plugin_BSPSceneManager;Plugin_OctreeSceneManager;Plugin_PCZSceneManager;Plugin_ParticleFX;RenderSystem_GL;RenderSystem_GL3Plus;Codec_STBI
[4.096s] -- OGRE_PLUGIN_DIR: /opt/ros/jazzy/opt/rviz_ogre_vendor/lib/OGRE
[4.096s] -- rviz_ogre_vendor::OgreOverlay for IMPORTED_LOCATION_RELEASE: /opt/ros/jazzy/opt/rviz_ogre_vendor/lib/libOgreOverlay.so
[4.096s] -- rviz_ogre_vendor::OgreOverlay for IMPORTED_LOCATION_DEBUG: /opt/ros/jazzy/opt/rviz_ogre_vendor/lib/libOgreOverlay.so
[4.096s] -- rviz_ogre_vendor::OgreMain for IMPORTED_LOCATION_RELEASE: /opt/ros/jazzy/opt/rviz_ogre_vendor/lib/libOgreMain.so
[4.096s] -- rviz_ogre_vendor::OgreMain for IMPORTED_LOCATION_DEBUG: /opt/ros/jazzy/opt/rviz_ogre_vendor/lib/libOgreMain.so
[4.174s] -- Found ZLIB: /usr/lib/aarch64-linux-gnu/libz.so (found version "1.3")  
[4.206s] -- Found OpenGL: /usr/lib/aarch64-linux-gnu/libOpenGL.so   
[4.557s] -- Found X11: /usr/include   
[4.558s] -- Looking for XOpenDisplay in /usr/lib/aarch64-linux-gnu/libX11.so;/usr/lib/aarch64-linux-gnu/libXext.so
[4.744s] -- Looking for XOpenDisplay in /usr/lib/aarch64-linux-gnu/libX11.so;/usr/lib/aarch64-linux-gnu/libXext.so - found
[4.744s] -- Looking for gethostbyname
[4.915s] -- Looking for gethostbyname - found
[4.916s] -- Looking for connect
[5.088s] -- Looking for connect - found
[5.088s] -- Looking for remove
[5.262s] -- Looking for remove - found
[5.262s] -- Looking for shmat
[5.438s] -- Looking for shmat - found
[5.438s] -- Looking for IceConnectionNumber in ICE
[5.611s] -- Looking for IceConnectionNumber in ICE - found
[5.651s] -- Setting yaml-cpp_DIR to: '/opt/ros/jazzy/share/yaml_cpp_vendor/cmake/../../../opt/yaml_cpp_vendor/share/cmake/yaml-cpp'
[5.911s] -- Found nav2_lifecycle_manager: 1.3.5 (/opt/ros/jazzy/share/nav2_lifecycle_manager/cmake)
[6.357s] -- Configuring done (6.3s)
[6.386s] -- Generating done (0.0s)
[6.394s] -- Build files have been written to: /home/arjun/ldlidar_ros2_ws/build/esp32_bridge
[6.429s] Invoked command in '/home/arjun/ldlidar_ros2_ws/build/esp32_bridge' returned '0': CMAKE_PREFIX_PATH=${CMAKE_PREFIX_PATH}:/home/arjun/ldlidar_ros2_ws/install/a_star_new:/opt/ros/jazzy DEBUGINFOD_URLS=https://debuginfod.ubuntu.com /usr/bin/cmake /home/arjun/ldlidar_ros2_ws/src/esp32_bridge -DAMENT_CMAKE_SYMLINK_INSTALL=1 -DCMAKE_INSTALL_PREFIX=/home/arjun/ldlidar_ros2_ws/install/esp32_bridge
[6.432s] Invoking command in '/home/arjun/ldlidar_ros2_ws/build/esp32_bridge': CMAKE_PREFIX_PATH=${CMAKE_PREFIX_PATH}:/home/arjun/ldlidar_ros2_ws/install/a_star_new:/opt/ros/jazzy DEBUGINFOD_URLS=https://debuginfod.ubuntu.com /usr/bin/cmake --build /home/arjun/ldlidar_ros2_ws/build/esp32_bridge -- -j4 -l4
[6.547s] [ 50%] [32mBuilding CXX object CMakeFiles/esp32_bridge_node.dir/src/esp32_bridge.cpp.o[0m
[21.195s] [100%] [32m[1mLinking CXX executable esp32_bridge_node[0m
[22.355s] [100%] Built target esp32_bridge_node
[22.379s] Invoked command in '/home/arjun/ldlidar_ros2_ws/build/esp32_bridge' returned '0': CMAKE_PREFIX_PATH=${CMAKE_PREFIX_PATH}:/home/arjun/ldlidar_ros2_ws/install/a_star_new:/opt/ros/jazzy DEBUGINFOD_URLS=https://debuginfod.ubuntu.com /usr/bin/cmake --build /home/arjun/ldlidar_ros2_ws/build/esp32_bridge -- -j4 -l4
[22.406s] Invoking command in '/home/arjun/ldlidar_ros2_ws/build/esp32_bridge': CMAKE_PREFIX_PATH=${CMAKE_PREFIX_PATH}:/home/arjun/ldlidar_ros2_ws/install/a_star_new:/opt/ros/jazzy DEBUGINFOD_URLS=https://debuginfod.ubuntu.com /usr/bin/cmake --install /home/arjun/ldlidar_ros2_ws/build/esp32_bridge
[22.422s] -- Install configuration: ""
[22.423s] -- Execute custom install script
[22.424s] -- Symlinking: /home/arjun/ldlidar_ros2_ws/install/esp32_bridge/lib/esp32_bridge/esp32_bridge_node
[22.443s] -- Symlinking: /home/arjun/ldlidar_ros2_ws/install/esp32_bridge/share/esp32_bridge//launch/a_star_launch.py
[22.462s] -- Symlinking: /home/arjun/ldlidar_ros2_ws/install/esp32_bridge/share/esp32_bridge//launch/full_robot.launch.py
[22.482s] -- Symlinking: /home/arjun/ldlidar_ros2_ws/install/esp32_bridge/share/esp32_bridge//launch/ld14p.launch.py
[22.506s] -- Symlinking: /home/arjun/ldlidar_ros2_ws/install/esp32_bridge/share/esp32_bridge//launch/motors_only.launch.py
[22.525s] -- Symlinking: /home/arjun/ldlidar_ros2_ws/install/esp32_bridge/share/esp32_bridge//launch/simple_a_star_launch.py
[22.543s] -- Symlinking: /home/arjun/ldlidar_ros2_ws/install/esp32_bridge/share/esp32_bridge//launch/slam_new.launch.py
[22.563s] -- Symlinking: /home/arjun/ldlidar_ros2_ws/install/esp32_bridge/share/esp32_bridge//urdf/assem2.urdf
[22.587s] -- Symlinking: /home/arjun/ldlidar_ros2_ws/install/esp32_bridge/share/esp32_bridge//meshes/base_link.STL
[22.608s] -- Symlinking: /home/arjun/ldlidar_ros2_ws/install/esp32_bridge/share/esp32_bridge//config/cartographer.lua
[22.627s] -- Symlinking: /home/arjun/ldlidar_ros2_ws/install/esp32_bridge/share/esp32_bridge//config/mapless_nav_params.yaml
[22.646s] -- Symlinking: /home/arjun/ldlidar_ros2_ws/install/esp32_bridge/share/esp32_bridge//config/nav2_params.yaml
[22.669s] -- Symlinking: /home/arjun/ldlidar_ros2_ws/install/esp32_bridge/share/esp32_bridge//config/slam_toolbox.yaml
[22.696s] -- Symlinking: /home/arjun/ldlidar_ros2_ws/install/esp32_bridge/share/esp32_bridge//config/slam_toolbox_params.yaml
[22.715s] -- Symlinking: /home/arjun/ldlidar_ros2_ws/install/esp32_bridge/share/esp32_bridge//rviz/simple_a_star.rviz
[22.734s] -- Symlinking: /home/arjun/ldlidar_ros2_ws/install/esp32_bridge/share/ament_index/resource_index/package_run_dependencies/esp32_bridge
[22.753s] -- Symlinking: /home/arjun/ldlidar_ros2_ws/install/esp32_bridge/share/ament_index/resource_index/parent_prefix_path/esp32_bridge
[22.772s] -- Symlinking: /home/arjun/ldlidar_ros2_ws/install/esp32_bridge/share/esp32_bridge/environment/ament_prefix_path.sh
[22.798s] -- Symlinking: /home/arjun/ldlidar_ros2_ws/install/esp32_bridge/share/esp32_bridge/environment/ament_prefix_path.dsv
[22.817s] -- Symlinking: /home/arjun/ldlidar_ros2_ws/install/esp32_bridge/share/esp32_bridge/environment/path.sh
[22.836s] -- Symlinking: /home/arjun/ldlidar_ros2_ws/install/esp32_bridge/share/esp32_bridge/environment/path.dsv
[22.855s] -- Symlinking: /home/arjun/ldlidar_ros2_ws/install/esp32_bridge/share/esp32_bridge/local_setup.bash
[22.873s] -- Symlinking: /home/arjun/ldlidar_ros2_ws/install/esp32_bridge/share/esp32_bridge/local_setup.sh
[22.899s] -- Symlinking: /home/arjun/ldlidar_ros2_ws/install/esp32_bridge/share/esp32_bridge/local_setup.zsh
[22.918s] -- Symlinking: /home/arjun/ldlidar_ros2_ws/install/esp32_bridge/share/esp32_bridge/local_setup.dsv
[22.936s] -- Symlinking: /home/arjun/ldlidar_ros2_ws/install/esp32_bridge/share/esp32_bridge/package.dsv
[22.956s] -- Symlinking: /home/arjun/ldlidar_ros2_ws/install/esp32_bridge/share/ament_index/resource_index/packages/esp32_bridge
[22.976s] -- Symlinking: /home/arjun/ldlidar_ros2_ws/install/esp32_bridge/share/esp32_bridge/cmake/esp32_bridgeConfig.cmake
[23.001s] -- Symlinking: /home/arjun/ldlidar_ros2_ws/install/esp32_bridge/share/esp32_bridge/cmake/esp32_bridgeConfig-version.cmake
[23.019s] -- Symlinking: /home/arjun/ldlidar_ros2_ws/install/esp32_bridge/share/esp32_bridge/package.xml
[23.038s] -- Installing: /home/arjun/ldlidar_ros2_ws/install/esp32_bridge/lib/esp32_bridge/simple_a_star
[23.041s] Invoked command in '/home/arjun/ldlidar_ros2_ws/build/esp32_bridge' returned '0': CMAKE_PREFIX_PATH=${CMAKE_PREFIX_PATH}:/home/arjun/ldlidar_ros2_ws/install/a_star_new:/opt/ros/jazzy DEBUGINFOD_URLS=https://debuginfod.ubuntu.com /usr/bin/cmake --install /home/arjun/ldlidar_ros2_ws/build/esp32_bridge
