[0.191s] DEBUG:colcon:Command line arguments: ['/usr/bin/colcon', 'build']
[0.191s] DEBUG:colcon:Parsed command line arguments: Namespace(log_base=None, log_level=None, verb_name='build', build_base='build', install_base='install', merge_install=False, symlink_install=False, test_result_base=None, continue_on_error=False, executor='parallel', parallel_workers=4, event_handlers=None, ignore_user_meta=False, metas=['./colcon.meta'], base_paths=['.'], packages_ignore=None, packages_ignore_regex=None, paths=None, packages_up_to=None, packages_up_to_regex=None, packages_above=None, packages_above_and_dependencies=None, packages_above_depth=None, packages_select_by_dep=None, packages_skip_by_dep=None, packages_skip_up_to=None, packages_select_build_failed=False, packages_skip_build_finished=False, packages_select_test_failures=False, packages_skip_test_passed=False, packages_select=None, packages_skip=None, packages_select_regex=None, packages_skip_regex=None, packages_start=None, packages_end=None, allow_overriding=[], cmake_args=None, cmake_target=None, cmake_target_skip_unavailable=False, cmake_clean_cache=False, cmake_clean_first=False, cmake_force_configure=False, ament_cmake_args=None, catkin_cmake_args=None, catkin_skip_building_tests=False, mixin_files=None, mixin=None, verb_parser=<colcon_mixin.mixin.mixin_argument.MixinArgumentDecorator object at 0xffff84ca93a0>, verb_extension=<colcon_core.verb.build.BuildVerb object at 0xffff84e65880>, main=<bound method BuildVerb.main of <colcon_core.verb.build.BuildVerb object at 0xffff84e65880>>, mixin_verb=('build',))
[0.257s] Level 1:colcon.colcon_core.package_discovery:discover_packages(colcon_meta) check parameters
[0.257s] Level 1:colcon.colcon_core.package_discovery:discover_packages(recursive) check parameters
[0.257s] Level 1:colcon.colcon_core.package_discovery:discover_packages(ignore) check parameters
[0.257s] Level 1:colcon.colcon_core.package_discovery:discover_packages(path) check parameters
[0.257s] Level 1:colcon.colcon_core.package_discovery:discover_packages(colcon_meta) discover
[0.257s] Level 1:colcon.colcon_core.package_discovery:discover_packages(recursive) discover
[0.257s] INFO:colcon.colcon_core.package_discovery:Crawling recursively for packages in '/home/arjun/ldlidar_ros2_ws'
[0.258s] Level 1:colcon.colcon_core.package_identification:_identify(.) by extensions ['ignore', 'ignore_ament_install']
[0.258s] Level 1:colcon.colcon_core.package_identification:_identify(.) by extension 'ignore'
[0.258s] Level 1:colcon.colcon_core.package_identification:_identify(.) by extension 'ignore_ament_install'
[0.259s] Level 1:colcon.colcon_core.package_identification:_identify(.) by extensions ['colcon_pkg']
[0.259s] Level 1:colcon.colcon_core.package_identification:_identify(.) by extension 'colcon_pkg'
[0.259s] Level 1:colcon.colcon_core.package_identification:_identify(.) by extensions ['colcon_meta']
[0.259s] Level 1:colcon.colcon_core.package_identification:_identify(.) by extension 'colcon_meta'
[0.259s] Level 1:colcon.colcon_core.package_identification:_identify(.) by extensions ['ros']
[0.259s] Level 1:colcon.colcon_core.package_identification:_identify(.) by extension 'ros'
[0.298s] Level 1:colcon.colcon_core.package_identification:_identify(.) by extensions ['cmake', 'python']
[0.299s] Level 1:colcon.colcon_core.package_identification:_identify(.) by extension 'cmake'
[0.299s] Level 1:colcon.colcon_core.package_identification:_identify(.) by extension 'python'
[0.299s] Level 1:colcon.colcon_core.package_identification:_identify(.) by extensions ['python_setup_py']
[0.299s] Level 1:colcon.colcon_core.package_identification:_identify(.) by extension 'python_setup_py'
[0.300s] Level 1:colcon.colcon_core.package_identification:_identify(build) by extensions ['ignore', 'ignore_ament_install']
[0.300s] Level 1:colcon.colcon_core.package_identification:_identify(build) by extension 'ignore'
[0.300s] Level 1:colcon.colcon_core.package_identification:_identify(build) ignored
[0.300s] Level 1:colcon.colcon_core.package_identification:_identify(install) by extensions ['ignore', 'ignore_ament_install']
[0.300s] Level 1:colcon.colcon_core.package_identification:_identify(install) by extension 'ignore'
[0.300s] Level 1:colcon.colcon_core.package_identification:_identify(install) ignored
[0.301s] Level 1:colcon.colcon_core.package_identification:_identify(log) by extensions ['ignore', 'ignore_ament_install']
[0.301s] Level 1:colcon.colcon_core.package_identification:_identify(log) by extension 'ignore'
[0.301s] Level 1:colcon.colcon_core.package_identification:_identify(log) ignored
[0.301s] Level 1:colcon.colcon_core.package_identification:_identify(src) by extensions ['ignore', 'ignore_ament_install']
[0.301s] Level 1:colcon.colcon_core.package_identification:_identify(src) by extension 'ignore'
[0.301s] Level 1:colcon.colcon_core.package_identification:_identify(src) by extension 'ignore_ament_install'
[0.301s] Level 1:colcon.colcon_core.package_identification:_identify(src) by extensions ['colcon_pkg']
[0.301s] Level 1:colcon.colcon_core.package_identification:_identify(src) by extension 'colcon_pkg'
[0.301s] Level 1:colcon.colcon_core.package_identification:_identify(src) by extensions ['colcon_meta']
[0.301s] Level 1:colcon.colcon_core.package_identification:_identify(src) by extension 'colcon_meta'
[0.301s] Level 1:colcon.colcon_core.package_identification:_identify(src) by extensions ['ros']
[0.301s] Level 1:colcon.colcon_core.package_identification:_identify(src) by extension 'ros'
[0.302s] Level 1:colcon.colcon_core.package_identification:_identify(src) by extensions ['cmake', 'python']
[0.302s] Level 1:colcon.colcon_core.package_identification:_identify(src) by extension 'cmake'
[0.302s] Level 1:colcon.colcon_core.package_identification:_identify(src) by extension 'python'
[0.302s] Level 1:colcon.colcon_core.package_identification:_identify(src) by extensions ['python_setup_py']
[0.302s] Level 1:colcon.colcon_core.package_identification:_identify(src) by extension 'python_setup_py'
[0.302s] Level 1:colcon.colcon_core.package_identification:_identify(src/a_star_new) by extensions ['ignore', 'ignore_ament_install']
[0.302s] Level 1:colcon.colcon_core.package_identification:_identify(src/a_star_new) by extension 'ignore'
[0.302s] Level 1:colcon.colcon_core.package_identification:_identify(src/a_star_new) by extension 'ignore_ament_install'
[0.302s] Level 1:colcon.colcon_core.package_identification:_identify(src/a_star_new) by extensions ['colcon_pkg']
[0.302s] Level 1:colcon.colcon_core.package_identification:_identify(src/a_star_new) by extension 'colcon_pkg'
[0.302s] Level 1:colcon.colcon_core.package_identification:_identify(src/a_star_new) by extensions ['colcon_meta']
[0.302s] Level 1:colcon.colcon_core.package_identification:_identify(src/a_star_new) by extension 'colcon_meta'
[0.302s] Level 1:colcon.colcon_core.package_identification:_identify(src/a_star_new) by extensions ['ros']
[0.302s] Level 1:colcon.colcon_core.package_identification:_identify(src/a_star_new) by extension 'ros'
[0.306s] DEBUG:colcon.colcon_core.package_identification:Package 'src/a_star_new' with type 'ros.ament_python' and name 'a_star_new'
[0.306s] Level 1:colcon.colcon_core.package_identification:_identify(src/esp32_bridge) by extensions ['ignore', 'ignore_ament_install']
[0.306s] Level 1:colcon.colcon_core.package_identification:_identify(src/esp32_bridge) by extension 'ignore'
[0.306s] Level 1:colcon.colcon_core.package_identification:_identify(src/esp32_bridge) by extension 'ignore_ament_install'
[0.306s] Level 1:colcon.colcon_core.package_identification:_identify(src/esp32_bridge) by extensions ['colcon_pkg']
[0.306s] Level 1:colcon.colcon_core.package_identification:_identify(src/esp32_bridge) by extension 'colcon_pkg'
[0.306s] Level 1:colcon.colcon_core.package_identification:_identify(src/esp32_bridge) by extensions ['colcon_meta']
[0.306s] Level 1:colcon.colcon_core.package_identification:_identify(src/esp32_bridge) by extension 'colcon_meta'
[0.306s] Level 1:colcon.colcon_core.package_identification:_identify(src/esp32_bridge) by extensions ['ros']
[0.306s] Level 1:colcon.colcon_core.package_identification:_identify(src/esp32_bridge) by extension 'ros'
[0.308s] DEBUG:colcon.colcon_core.package_identification:Package 'src/esp32_bridge' with type 'ros.ament_cmake' and name 'esp32_bridge'
[0.308s] Level 1:colcon.colcon_core.package_identification:_identify(src/ldlidar_sl_ros2) by extensions ['ignore', 'ignore_ament_install']
[0.308s] Level 1:colcon.colcon_core.package_identification:_identify(src/ldlidar_sl_ros2) by extension 'ignore'
[0.308s] Level 1:colcon.colcon_core.package_identification:_identify(src/ldlidar_sl_ros2) by extension 'ignore_ament_install'
[0.308s] Level 1:colcon.colcon_core.package_identification:_identify(src/ldlidar_sl_ros2) by extensions ['colcon_pkg']
[0.308s] Level 1:colcon.colcon_core.package_identification:_identify(src/ldlidar_sl_ros2) by extension 'colcon_pkg'
[0.308s] Level 1:colcon.colcon_core.package_identification:_identify(src/ldlidar_sl_ros2) by extensions ['colcon_meta']
[0.308s] Level 1:colcon.colcon_core.package_identification:_identify(src/ldlidar_sl_ros2) by extension 'colcon_meta'
[0.308s] Level 1:colcon.colcon_core.package_identification:_identify(src/ldlidar_sl_ros2) by extensions ['ros']
[0.308s] Level 1:colcon.colcon_core.package_identification:_identify(src/ldlidar_sl_ros2) by extension 'ros'
[0.309s] DEBUG:colcon.colcon_core.package_identification:Package 'src/ldlidar_sl_ros2' with type 'ros.ament_cmake' and name 'ldlidar_sl_ros2'
[0.309s] Level 1:colcon.colcon_core.package_identification:_identify(src/nav2_mapless) by extensions ['ignore', 'ignore_ament_install']
[0.309s] Level 1:colcon.colcon_core.package_identification:_identify(src/nav2_mapless) by extension 'ignore'
[0.309s] Level 1:colcon.colcon_core.package_identification:_identify(src/nav2_mapless) by extension 'ignore_ament_install'
[0.310s] Level 1:colcon.colcon_core.package_identification:_identify(src/nav2_mapless) by extensions ['colcon_pkg']
[0.310s] Level 1:colcon.colcon_core.package_identification:_identify(src/nav2_mapless) by extension 'colcon_pkg'
[0.310s] Level 1:colcon.colcon_core.package_identification:_identify(src/nav2_mapless) by extensions ['colcon_meta']
[0.310s] Level 1:colcon.colcon_core.package_identification:_identify(src/nav2_mapless) by extension 'colcon_meta'
[0.310s] Level 1:colcon.colcon_core.package_identification:_identify(src/nav2_mapless) by extensions ['ros']
[0.310s] Level 1:colcon.colcon_core.package_identification:_identify(src/nav2_mapless) by extension 'ros'
[0.311s] DEBUG:colcon.colcon_core.package_identification:Package 'src/nav2_mapless' with type 'ros.ament_cmake' and name 'nav2_mapless'
[0.311s] Level 1:colcon.colcon_core.package_discovery:discover_packages(recursive) using defaults
[0.311s] Level 1:colcon.colcon_core.package_discovery:discover_packages(ignore) discover
[0.311s] Level 1:colcon.colcon_core.package_discovery:discover_packages(ignore) using defaults
[0.311s] Level 1:colcon.colcon_core.package_discovery:discover_packages(path) discover
[0.311s] Level 1:colcon.colcon_core.package_discovery:discover_packages(path) using defaults
[0.345s] Level 1:colcon.colcon_core.package_discovery:discover_packages(prefix_path) check parameters
[0.345s] Level 1:colcon.colcon_core.package_discovery:discover_packages(prefix_path) discover
[0.350s] DEBUG:colcon.colcon_installed_package_information.package_discovery:Found 4 installed packages in /home/arjun/ldlidar_ros2_ws/install
[0.354s] DEBUG:colcon.colcon_installed_package_information.package_discovery:Found 391 installed packages in /opt/ros/jazzy
[0.357s] Level 1:colcon.colcon_core.package_discovery:discover_packages(prefix_path) using defaults
[0.591s] Level 5:colcon.colcon_core.verb:set package 'a_star_new' build argument 'cmake_args' from command line to 'None'
[0.591s] Level 5:colcon.colcon_core.verb:set package 'a_star_new' build argument 'cmake_target' from command line to 'None'
[0.591s] Level 5:colcon.colcon_core.verb:set package 'a_star_new' build argument 'cmake_target_skip_unavailable' from command line to 'False'
[0.591s] Level 5:colcon.colcon_core.verb:set package 'a_star_new' build argument 'cmake_clean_cache' from command line to 'False'
[0.591s] Level 5:colcon.colcon_core.verb:set package 'a_star_new' build argument 'cmake_clean_first' from command line to 'False'
[0.591s] Level 5:colcon.colcon_core.verb:set package 'a_star_new' build argument 'cmake_force_configure' from command line to 'False'
[0.591s] Level 5:colcon.colcon_core.verb:set package 'a_star_new' build argument 'ament_cmake_args' from command line to 'None'
[0.591s] Level 5:colcon.colcon_core.verb:set package 'a_star_new' build argument 'catkin_cmake_args' from command line to 'None'
[0.591s] Level 5:colcon.colcon_core.verb:set package 'a_star_new' build argument 'catkin_skip_building_tests' from command line to 'False'
[0.591s] DEBUG:colcon.colcon_core.verb:Building package 'a_star_new' with the following arguments: {'ament_cmake_args': None, 'build_base': '/home/arjun/ldlidar_ros2_ws/build/a_star_new', 'catkin_cmake_args': None, 'catkin_skip_building_tests': False, 'cmake_args': None, 'cmake_clean_cache': False, 'cmake_clean_first': False, 'cmake_force_configure': False, 'cmake_target': None, 'cmake_target_skip_unavailable': False, 'install_base': '/home/arjun/ldlidar_ros2_ws/install/a_star_new', 'merge_install': False, 'path': '/home/arjun/ldlidar_ros2_ws/src/a_star_new', 'symlink_install': False, 'test_result_base': None}
[0.592s] Level 5:colcon.colcon_core.verb:set package 'esp32_bridge' build argument 'cmake_args' from command line to 'None'
[0.592s] Level 5:colcon.colcon_core.verb:set package 'esp32_bridge' build argument 'cmake_target' from command line to 'None'
[0.592s] Level 5:colcon.colcon_core.verb:set package 'esp32_bridge' build argument 'cmake_target_skip_unavailable' from command line to 'False'
[0.592s] Level 5:colcon.colcon_core.verb:set package 'esp32_bridge' build argument 'cmake_clean_cache' from command line to 'False'
[0.592s] Level 5:colcon.colcon_core.verb:set package 'esp32_bridge' build argument 'cmake_clean_first' from command line to 'False'
[0.592s] Level 5:colcon.colcon_core.verb:set package 'esp32_bridge' build argument 'cmake_force_configure' from command line to 'False'
[0.592s] Level 5:colcon.colcon_core.verb:set package 'esp32_bridge' build argument 'ament_cmake_args' from command line to 'None'
[0.592s] Level 5:colcon.colcon_core.verb:set package 'esp32_bridge' build argument 'catkin_cmake_args' from command line to 'None'
[0.592s] Level 5:colcon.colcon_core.verb:set package 'esp32_bridge' build argument 'catkin_skip_building_tests' from command line to 'False'
[0.592s] DEBUG:colcon.colcon_core.verb:Building package 'esp32_bridge' with the following arguments: {'ament_cmake_args': None, 'build_base': '/home/arjun/ldlidar_ros2_ws/build/esp32_bridge', 'catkin_cmake_args': None, 'catkin_skip_building_tests': False, 'cmake_args': None, 'cmake_clean_cache': False, 'cmake_clean_first': False, 'cmake_force_configure': False, 'cmake_target': None, 'cmake_target_skip_unavailable': False, 'install_base': '/home/arjun/ldlidar_ros2_ws/install/esp32_bridge', 'merge_install': False, 'path': '/home/arjun/ldlidar_ros2_ws/src/esp32_bridge', 'symlink_install': False, 'test_result_base': None}
[0.592s] Level 5:colcon.colcon_core.verb:set package 'ldlidar_sl_ros2' build argument 'cmake_args' from command line to 'None'
[0.592s] Level 5:colcon.colcon_core.verb:set package 'ldlidar_sl_ros2' build argument 'cmake_target' from command line to 'None'
[0.592s] Level 5:colcon.colcon_core.verb:set package 'ldlidar_sl_ros2' build argument 'cmake_target_skip_unavailable' from command line to 'False'
[0.592s] Level 5:colcon.colcon_core.verb:set package 'ldlidar_sl_ros2' build argument 'cmake_clean_cache' from command line to 'False'
[0.592s] Level 5:colcon.colcon_core.verb:set package 'ldlidar_sl_ros2' build argument 'cmake_clean_first' from command line to 'False'
[0.592s] Level 5:colcon.colcon_core.verb:set package 'ldlidar_sl_ros2' build argument 'cmake_force_configure' from command line to 'False'
[0.592s] Level 5:colcon.colcon_core.verb:set package 'ldlidar_sl_ros2' build argument 'ament_cmake_args' from command line to 'None'
[0.593s] Level 5:colcon.colcon_core.verb:set package 'ldlidar_sl_ros2' build argument 'catkin_cmake_args' from command line to 'None'
[0.593s] Level 5:colcon.colcon_core.verb:set package 'ldlidar_sl_ros2' build argument 'catkin_skip_building_tests' from command line to 'False'
[0.593s] DEBUG:colcon.colcon_core.verb:Building package 'ldlidar_sl_ros2' with the following arguments: {'ament_cmake_args': None, 'build_base': '/home/arjun/ldlidar_ros2_ws/build/ldlidar_sl_ros2', 'catkin_cmake_args': None, 'catkin_skip_building_tests': False, 'cmake_args': None, 'cmake_clean_cache': False, 'cmake_clean_first': False, 'cmake_force_configure': False, 'cmake_target': None, 'cmake_target_skip_unavailable': False, 'install_base': '/home/arjun/ldlidar_ros2_ws/install/ldlidar_sl_ros2', 'merge_install': False, 'path': '/home/arjun/ldlidar_ros2_ws/src/ldlidar_sl_ros2', 'symlink_install': False, 'test_result_base': None}
[0.593s] Level 5:colcon.colcon_core.verb:set package 'nav2_mapless' build argument 'cmake_args' from command line to 'None'
[0.593s] Level 5:colcon.colcon_core.verb:set package 'nav2_mapless' build argument 'cmake_target' from command line to 'None'
[0.593s] Level 5:colcon.colcon_core.verb:set package 'nav2_mapless' build argument 'cmake_target_skip_unavailable' from command line to 'False'
[0.593s] Level 5:colcon.colcon_core.verb:set package 'nav2_mapless' build argument 'cmake_clean_cache' from command line to 'False'
[0.593s] Level 5:colcon.colcon_core.verb:set package 'nav2_mapless' build argument 'cmake_clean_first' from command line to 'False'
[0.593s] Level 5:colcon.colcon_core.verb:set package 'nav2_mapless' build argument 'cmake_force_configure' from command line to 'False'
[0.593s] Level 5:colcon.colcon_core.verb:set package 'nav2_mapless' build argument 'ament_cmake_args' from command line to 'None'
[0.593s] Level 5:colcon.colcon_core.verb:set package 'nav2_mapless' build argument 'catkin_cmake_args' from command line to 'None'
[0.593s] Level 5:colcon.colcon_core.verb:set package 'nav2_mapless' build argument 'catkin_skip_building_tests' from command line to 'False'
[0.593s] DEBUG:colcon.colcon_core.verb:Building package 'nav2_mapless' with the following arguments: {'ament_cmake_args': None, 'build_base': '/home/arjun/ldlidar_ros2_ws/build/nav2_mapless', 'catkin_cmake_args': None, 'catkin_skip_building_tests': False, 'cmake_args': None, 'cmake_clean_cache': False, 'cmake_clean_first': False, 'cmake_force_configure': False, 'cmake_target': None, 'cmake_target_skip_unavailable': False, 'install_base': '/home/arjun/ldlidar_ros2_ws/install/nav2_mapless', 'merge_install': False, 'path': '/home/arjun/ldlidar_ros2_ws/src/nav2_mapless', 'symlink_install': False, 'test_result_base': None}
[0.593s] INFO:colcon.colcon_core.executor:Executing jobs using 'parallel' executor
[0.595s] DEBUG:colcon.colcon_parallel_executor.executor.parallel:run_until_complete
[0.595s] INFO:colcon.colcon_ros.task.ament_python.build:Building ROS package in '/home/arjun/ldlidar_ros2_ws/src/a_star_new' with build type 'ament_python'
[0.595s] Level 1:colcon.colcon_core.shell:create_environment_hook('a_star_new', 'ament_prefix_path')
[0.599s] INFO:colcon.colcon_core.plugin_system:Skipping extension 'colcon_core.shell.bat': Not used on non-Windows systems
[0.600s] INFO:colcon.colcon_core.shell:Creating environment hook '/home/arjun/ldlidar_ros2_ws/install/a_star_new/share/a_star_new/hook/ament_prefix_path.ps1'
[0.607s] INFO:colcon.colcon_core.shell:Creating environment descriptor '/home/arjun/ldlidar_ros2_ws/install/a_star_new/share/a_star_new/hook/ament_prefix_path.dsv'
[0.608s] INFO:colcon.colcon_core.shell:Creating environment hook '/home/arjun/ldlidar_ros2_ws/install/a_star_new/share/a_star_new/hook/ament_prefix_path.sh'
[0.610s] INFO:colcon.colcon_core.shell:Skip shell extension 'powershell' for command environment: Not usable outside of PowerShell
[0.610s] DEBUG:colcon.colcon_core.shell:Skip shell extension 'dsv' for command environment
[0.618s] INFO:colcon.colcon_ros.task.ament_cmake.build:Building ROS package in '/home/arjun/ldlidar_ros2_ws/src/esp32_bridge' with build type 'ament_cmake'
[0.618s] INFO:colcon.colcon_cmake.task.cmake.build:Building CMake package in '/home/arjun/ldlidar_ros2_ws/src/esp32_bridge'
[0.619s] INFO:colcon.colcon_core.shell:Skip shell extension 'powershell' for command environment: Not usable outside of PowerShell
[0.619s] DEBUG:colcon.colcon_core.shell:Skip shell extension 'dsv' for command environment
[0.626s] INFO:colcon.colcon_ros.task.ament_cmake.build:Building ROS package in '/home/arjun/ldlidar_ros2_ws/src/ldlidar_sl_ros2' with build type 'ament_cmake'
[0.626s] INFO:colcon.colcon_cmake.task.cmake.build:Building CMake package in '/home/arjun/ldlidar_ros2_ws/src/ldlidar_sl_ros2'
[0.626s] INFO:colcon.colcon_core.shell:Skip shell extension 'powershell' for command environment: Not usable outside of PowerShell
[0.627s] DEBUG:colcon.colcon_core.shell:Skip shell extension 'dsv' for command environment
[0.632s] INFO:colcon.colcon_ros.task.ament_cmake.build:Building ROS package in '/home/arjun/ldlidar_ros2_ws/src/nav2_mapless' with build type 'ament_cmake'
[0.632s] INFO:colcon.colcon_cmake.task.cmake.build:Building CMake package in '/home/arjun/ldlidar_ros2_ws/src/nav2_mapless'
[0.632s] INFO:colcon.colcon_core.shell:Skip shell extension 'powershell' for command environment: Not usable outside of PowerShell
[0.632s] DEBUG:colcon.colcon_core.shell:Skip shell extension 'dsv' for command environment
[0.992s] INFO:colcon.colcon_core.task.python.build:Building Python package in '/home/arjun/ldlidar_ros2_ws/src/a_star_new'
[0.992s] INFO:colcon.colcon_core.shell:Skip shell extension 'powershell' for command environment: Not usable outside of PowerShell
[0.992s] DEBUG:colcon.colcon_core.shell:Skip shell extension 'dsv' for command environment
[1.010s] DEBUG:colcon.colcon_core.event_handler.log_command:Invoking command in '/home/arjun/ldlidar_ros2_ws/build/esp32_bridge': CMAKE_PREFIX_PATH=${CMAKE_PREFIX_PATH}:/home/arjun/ldlidar_ros2_ws/install/a_star_new:/opt/ros/jazzy DEBUGINFOD_URLS=https://debuginfod.ubuntu.com /usr/bin/cmake /home/arjun/ldlidar_ros2_ws/src/esp32_bridge -DCMAKE_INSTALL_PREFIX=/home/arjun/ldlidar_ros2_ws/install/esp32_bridge
[1.017s] DEBUG:colcon.colcon_core.event_handler.log_command:Invoking command in '/home/arjun/ldlidar_ros2_ws/build/ldlidar_sl_ros2': CMAKE_PREFIX_PATH=${CMAKE_PREFIX_PATH}:/home/arjun/ldlidar_ros2_ws/install/a_star_new:/opt/ros/jazzy DEBUGINFOD_URLS=https://debuginfod.ubuntu.com /usr/bin/cmake --build /home/arjun/ldlidar_ros2_ws/build/ldlidar_sl_ros2 -- -j4 -l4
[1.029s] DEBUG:colcon.colcon_core.event_handler.log_command:Invoking command in '/home/arjun/ldlidar_ros2_ws/build/nav2_mapless': CMAKE_PREFIX_PATH=${CMAKE_PREFIX_PATH}:/home/arjun/ldlidar_ros2_ws/install/a_star_new:/opt/ros/jazzy DEBUGINFOD_URLS=https://debuginfod.ubuntu.com /usr/bin/cmake --build /home/arjun/ldlidar_ros2_ws/build/nav2_mapless -- -j4 -l4
[1.177s] DEBUG:colcon.colcon_core.event_handler.log_command:Invoked command in '/home/arjun/ldlidar_ros2_ws/build/nav2_mapless' returned '0': CMAKE_PREFIX_PATH=${CMAKE_PREFIX_PATH}:/home/arjun/ldlidar_ros2_ws/install/a_star_new:/opt/ros/jazzy DEBUGINFOD_URLS=https://debuginfod.ubuntu.com /usr/bin/cmake --build /home/arjun/ldlidar_ros2_ws/build/nav2_mapless -- -j4 -l4
[1.214s] DEBUG:colcon.colcon_core.event_handler.log_command:Invoking command in '/home/arjun/ldlidar_ros2_ws/build/nav2_mapless': CMAKE_PREFIX_PATH=${CMAKE_PREFIX_PATH}:/home/arjun/ldlidar_ros2_ws/install/a_star_new:/opt/ros/jazzy DEBUGINFOD_URLS=https://debuginfod.ubuntu.com /usr/bin/cmake --install /home/arjun/ldlidar_ros2_ws/build/nav2_mapless
[1.249s] Level 1:colcon.colcon_core.environment:create_environment_scripts_only(nav2_mapless)
[1.250s] DEBUG:colcon.colcon_core.event_handler.log_command:Invoked command in '/home/arjun/ldlidar_ros2_ws/build/nav2_mapless' returned '0': CMAKE_PREFIX_PATH=${CMAKE_PREFIX_PATH}:/home/arjun/ldlidar_ros2_ws/install/a_star_new:/opt/ros/jazzy DEBUGINFOD_URLS=https://debuginfod.ubuntu.com /usr/bin/cmake --install /home/arjun/ldlidar_ros2_ws/build/nav2_mapless
[1.254s] Level 1:colcon.colcon_core.environment:checking '/home/arjun/ldlidar_ros2_ws/install/nav2_mapless' for CMake module files
[1.256s] Level 1:colcon.colcon_core.environment:checking '/home/arjun/ldlidar_ros2_ws/install/nav2_mapless' for CMake config files
[1.258s] Level 1:colcon.colcon_core.shell:create_environment_hook('nav2_mapless', 'cmake_prefix_path')
[1.258s] INFO:colcon.colcon_core.shell:Creating environment hook '/home/arjun/ldlidar_ros2_ws/install/nav2_mapless/share/nav2_mapless/hook/cmake_prefix_path.ps1'
[1.260s] INFO:colcon.colcon_core.shell:Creating environment descriptor '/home/arjun/ldlidar_ros2_ws/install/nav2_mapless/share/nav2_mapless/hook/cmake_prefix_path.dsv'
[1.261s] INFO:colcon.colcon_core.shell:Creating environment hook '/home/arjun/ldlidar_ros2_ws/install/nav2_mapless/share/nav2_mapless/hook/cmake_prefix_path.sh'
[1.263s] Level 1:colcon.colcon_core.environment:checking '/home/arjun/ldlidar_ros2_ws/install/nav2_mapless/bin'
[1.263s] Level 1:colcon.colcon_core.environment:checking '/home/arjun/ldlidar_ros2_ws/install/nav2_mapless/lib/pkgconfig/nav2_mapless.pc'
[1.264s] Level 1:colcon.colcon_core.environment:checking '/home/arjun/ldlidar_ros2_ws/install/nav2_mapless/lib/python3.12/site-packages'
[1.264s] Level 1:colcon.colcon_core.environment:checking '/home/arjun/ldlidar_ros2_ws/install/nav2_mapless/bin'
[1.265s] INFO:colcon.colcon_core.shell:Creating package script '/home/arjun/ldlidar_ros2_ws/install/nav2_mapless/share/nav2_mapless/package.ps1'
[1.266s] INFO:colcon.colcon_core.shell:Creating package descriptor '/home/arjun/ldlidar_ros2_ws/install/nav2_mapless/share/nav2_mapless/package.dsv'
[1.268s] INFO:colcon.colcon_core.shell:Creating package script '/home/arjun/ldlidar_ros2_ws/install/nav2_mapless/share/nav2_mapless/package.sh'
[1.269s] INFO:colcon.colcon_core.shell:Creating package script '/home/arjun/ldlidar_ros2_ws/install/nav2_mapless/share/nav2_mapless/package.bash'
[1.271s] INFO:colcon.colcon_core.shell:Creating package script '/home/arjun/ldlidar_ros2_ws/install/nav2_mapless/share/nav2_mapless/package.zsh'
[1.272s] Level 1:colcon.colcon_core.environment:create_file_with_runtime_dependencies(/home/arjun/ldlidar_ros2_ws/install/nav2_mapless/share/colcon-core/packages/nav2_mapless)
[1.276s] Level 1:colcon.colcon_core.environment:create_environment_scripts_only(nav2_mapless)
[1.276s] Level 1:colcon.colcon_core.environment:checking '/home/arjun/ldlidar_ros2_ws/install/nav2_mapless' for CMake module files
[1.277s] Level 1:colcon.colcon_core.environment:checking '/home/arjun/ldlidar_ros2_ws/install/nav2_mapless' for CMake config files
[1.278s] Level 1:colcon.colcon_core.shell:create_environment_hook('nav2_mapless', 'cmake_prefix_path')
[1.278s] INFO:colcon.colcon_core.shell:Creating environment hook '/home/arjun/ldlidar_ros2_ws/install/nav2_mapless/share/nav2_mapless/hook/cmake_prefix_path.ps1'
[1.279s] INFO:colcon.colcon_core.shell:Creating environment descriptor '/home/arjun/ldlidar_ros2_ws/install/nav2_mapless/share/nav2_mapless/hook/cmake_prefix_path.dsv'
[1.280s] INFO:colcon.colcon_core.shell:Creating environment hook '/home/arjun/ldlidar_ros2_ws/install/nav2_mapless/share/nav2_mapless/hook/cmake_prefix_path.sh'
[1.282s] Level 1:colcon.colcon_core.environment:checking '/home/arjun/ldlidar_ros2_ws/install/nav2_mapless/bin'
[1.283s] Level 1:colcon.colcon_core.environment:checking '/home/arjun/ldlidar_ros2_ws/install/nav2_mapless/lib/pkgconfig/nav2_mapless.pc'
[1.283s] Level 1:colcon.colcon_core.environment:checking '/home/arjun/ldlidar_ros2_ws/install/nav2_mapless/lib/python3.12/site-packages'
[1.283s] Level 1:colcon.colcon_core.environment:checking '/home/arjun/ldlidar_ros2_ws/install/nav2_mapless/bin'
[1.284s] INFO:colcon.colcon_core.shell:Creating package script '/home/arjun/ldlidar_ros2_ws/install/nav2_mapless/share/nav2_mapless/package.ps1'
[1.285s] INFO:colcon.colcon_core.shell:Creating package descriptor '/home/arjun/ldlidar_ros2_ws/install/nav2_mapless/share/nav2_mapless/package.dsv'
[1.287s] INFO:colcon.colcon_core.shell:Creating package script '/home/arjun/ldlidar_ros2_ws/install/nav2_mapless/share/nav2_mapless/package.sh'
[1.288s] INFO:colcon.colcon_core.shell:Creating package script '/home/arjun/ldlidar_ros2_ws/install/nav2_mapless/share/nav2_mapless/package.bash'
[1.289s] INFO:colcon.colcon_core.shell:Creating package script '/home/arjun/ldlidar_ros2_ws/install/nav2_mapless/share/nav2_mapless/package.zsh'
[1.291s] Level 1:colcon.colcon_core.environment:create_file_with_runtime_dependencies(/home/arjun/ldlidar_ros2_ws/install/nav2_mapless/share/colcon-core/packages/nav2_mapless)
[1.319s] DEBUG:colcon.colcon_core.event_handler.log_command:Invoked command in '/home/arjun/ldlidar_ros2_ws/build/ldlidar_sl_ros2' returned '0': CMAKE_PREFIX_PATH=${CMAKE_PREFIX_PATH}:/home/arjun/ldlidar_ros2_ws/install/a_star_new:/opt/ros/jazzy DEBUGINFOD_URLS=https://debuginfod.ubuntu.com /usr/bin/cmake --build /home/arjun/ldlidar_ros2_ws/build/ldlidar_sl_ros2 -- -j4 -l4
[1.326s] DEBUG:colcon.colcon_core.event_handler.log_command:Invoking command in '/home/arjun/ldlidar_ros2_ws/build/ldlidar_sl_ros2': CMAKE_PREFIX_PATH=${CMAKE_PREFIX_PATH}:/home/arjun/ldlidar_ros2_ws/install/a_star_new:/opt/ros/jazzy DEBUGINFOD_URLS=https://debuginfod.ubuntu.com /usr/bin/cmake --install /home/arjun/ldlidar_ros2_ws/build/ldlidar_sl_ros2
[1.359s] Level 1:colcon.colcon_core.environment:create_environment_scripts_only(ldlidar_sl_ros2)
[1.359s] Level 1:colcon.colcon_core.environment:checking '/home/arjun/ldlidar_ros2_ws/install/ldlidar_sl_ros2' for CMake module files
[1.360s] DEBUG:colcon.colcon_core.event_handler.log_command:Invoked command in '/home/arjun/ldlidar_ros2_ws/build/ldlidar_sl_ros2' returned '0': CMAKE_PREFIX_PATH=${CMAKE_PREFIX_PATH}:/home/arjun/ldlidar_ros2_ws/install/a_star_new:/opt/ros/jazzy DEBUGINFOD_URLS=https://debuginfod.ubuntu.com /usr/bin/cmake --install /home/arjun/ldlidar_ros2_ws/build/ldlidar_sl_ros2
[1.361s] Level 1:colcon.colcon_core.environment:checking '/home/arjun/ldlidar_ros2_ws/install/ldlidar_sl_ros2' for CMake config files
[1.363s] Level 1:colcon.colcon_core.shell:create_environment_hook('ldlidar_sl_ros2', 'cmake_prefix_path')
[1.363s] INFO:colcon.colcon_core.shell:Creating environment hook '/home/arjun/ldlidar_ros2_ws/install/ldlidar_sl_ros2/share/ldlidar_sl_ros2/hook/cmake_prefix_path.ps1'
[1.365s] INFO:colcon.colcon_core.shell:Creating environment descriptor '/home/arjun/ldlidar_ros2_ws/install/ldlidar_sl_ros2/share/ldlidar_sl_ros2/hook/cmake_prefix_path.dsv'
[1.366s] INFO:colcon.colcon_core.shell:Creating environment hook '/home/arjun/ldlidar_ros2_ws/install/ldlidar_sl_ros2/share/ldlidar_sl_ros2/hook/cmake_prefix_path.sh'
[1.368s] Level 1:colcon.colcon_core.environment:checking '/home/arjun/ldlidar_ros2_ws/install/ldlidar_sl_ros2/lib'
[1.368s] Level 1:colcon.colcon_core.environment:checking '/home/arjun/ldlidar_ros2_ws/install/ldlidar_sl_ros2/bin'
[1.368s] Level 1:colcon.colcon_core.environment:checking '/home/arjun/ldlidar_ros2_ws/install/ldlidar_sl_ros2/lib/pkgconfig/ldlidar_sl_ros2.pc'
[1.369s] Level 1:colcon.colcon_core.environment:checking '/home/arjun/ldlidar_ros2_ws/install/ldlidar_sl_ros2/lib/python3.12/site-packages'
[1.369s] Level 1:colcon.colcon_core.environment:checking '/home/arjun/ldlidar_ros2_ws/install/ldlidar_sl_ros2/bin'
[1.369s] INFO:colcon.colcon_core.shell:Creating package script '/home/arjun/ldlidar_ros2_ws/install/ldlidar_sl_ros2/share/ldlidar_sl_ros2/package.ps1'
[1.370s] INFO:colcon.colcon_core.shell:Creating package descriptor '/home/arjun/ldlidar_ros2_ws/install/ldlidar_sl_ros2/share/ldlidar_sl_ros2/package.dsv'
[1.371s] INFO:colcon.colcon_core.shell:Creating package script '/home/arjun/ldlidar_ros2_ws/install/ldlidar_sl_ros2/share/ldlidar_sl_ros2/package.sh'
[1.373s] INFO:colcon.colcon_core.shell:Creating package script '/home/arjun/ldlidar_ros2_ws/install/ldlidar_sl_ros2/share/ldlidar_sl_ros2/package.bash'
[1.374s] INFO:colcon.colcon_core.shell:Creating package script '/home/arjun/ldlidar_ros2_ws/install/ldlidar_sl_ros2/share/ldlidar_sl_ros2/package.zsh'
[1.377s] Level 1:colcon.colcon_core.environment:create_file_with_runtime_dependencies(/home/arjun/ldlidar_ros2_ws/install/ldlidar_sl_ros2/share/colcon-core/packages/ldlidar_sl_ros2)
[1.379s] Level 1:colcon.colcon_core.environment:create_environment_scripts_only(ldlidar_sl_ros2)
[1.379s] Level 1:colcon.colcon_core.environment:checking '/home/arjun/ldlidar_ros2_ws/install/ldlidar_sl_ros2' for CMake module files
[1.380s] Level 1:colcon.colcon_core.environment:checking '/home/arjun/ldlidar_ros2_ws/install/ldlidar_sl_ros2' for CMake config files
[1.380s] Level 1:colcon.colcon_core.shell:create_environment_hook('ldlidar_sl_ros2', 'cmake_prefix_path')
[1.380s] INFO:colcon.colcon_core.shell:Creating environment hook '/home/arjun/ldlidar_ros2_ws/install/ldlidar_sl_ros2/share/ldlidar_sl_ros2/hook/cmake_prefix_path.ps1'
[1.381s] INFO:colcon.colcon_core.shell:Creating environment descriptor '/home/arjun/ldlidar_ros2_ws/install/ldlidar_sl_ros2/share/ldlidar_sl_ros2/hook/cmake_prefix_path.dsv'
[1.382s] INFO:colcon.colcon_core.shell:Creating environment hook '/home/arjun/ldlidar_ros2_ws/install/ldlidar_sl_ros2/share/ldlidar_sl_ros2/hook/cmake_prefix_path.sh'
[1.385s] Level 1:colcon.colcon_core.environment:checking '/home/arjun/ldlidar_ros2_ws/install/ldlidar_sl_ros2/lib'
[1.385s] Level 1:colcon.colcon_core.environment:checking '/home/arjun/ldlidar_ros2_ws/install/ldlidar_sl_ros2/bin'
[1.385s] Level 1:colcon.colcon_core.environment:checking '/home/arjun/ldlidar_ros2_ws/install/ldlidar_sl_ros2/lib/pkgconfig/ldlidar_sl_ros2.pc'
[1.386s] Level 1:colcon.colcon_core.environment:checking '/home/arjun/ldlidar_ros2_ws/install/ldlidar_sl_ros2/lib/python3.12/site-packages'
[1.386s] Level 1:colcon.colcon_core.environment:checking '/home/arjun/ldlidar_ros2_ws/install/ldlidar_sl_ros2/bin'
[1.386s] INFO:colcon.colcon_core.shell:Creating package script '/home/arjun/ldlidar_ros2_ws/install/ldlidar_sl_ros2/share/ldlidar_sl_ros2/package.ps1'
[1.387s] INFO:colcon.colcon_core.shell:Creating package descriptor '/home/arjun/ldlidar_ros2_ws/install/ldlidar_sl_ros2/share/ldlidar_sl_ros2/package.dsv'
[1.388s] INFO:colcon.colcon_core.shell:Creating package script '/home/arjun/ldlidar_ros2_ws/install/ldlidar_sl_ros2/share/ldlidar_sl_ros2/package.sh'
[1.390s] INFO:colcon.colcon_core.shell:Creating package script '/home/arjun/ldlidar_ros2_ws/install/ldlidar_sl_ros2/share/ldlidar_sl_ros2/package.bash'
[1.392s] INFO:colcon.colcon_core.shell:Creating package script '/home/arjun/ldlidar_ros2_ws/install/ldlidar_sl_ros2/share/ldlidar_sl_ros2/package.zsh'
[1.393s] Level 1:colcon.colcon_core.environment:create_file_with_runtime_dependencies(/home/arjun/ldlidar_ros2_ws/install/ldlidar_sl_ros2/share/colcon-core/packages/ldlidar_sl_ros2)
[3.156s] DEBUG:colcon.colcon_core.event_handler.log_command:Invoking command in '/home/arjun/ldlidar_ros2_ws/src/a_star_new': DEBUGINFOD_URLS=https://debuginfod.ubuntu.com PYTHONPATH=/home/arjun/ldlidar_ros2_ws/build/a_star_new/prefix_override:/usr/lib/python3/dist-packages/colcon_core/task/python/colcon_distutils_commands:/home/arjun/ldlidar_ros2_ws/install/a_star_new/lib/python3.12/site-packages:${PYTHONPATH} /usr/bin/python3 -W ignore:setup.py install is deprecated -W ignore:easy_install command is deprecated setup.py egg_info --egg-base ../../build/a_star_new build --build-base /home/arjun/ldlidar_ros2_ws/build/a_star_new/build install --record /home/arjun/ldlidar_ros2_ws/build/a_star_new/install.log --single-version-externally-managed install_data
[4.080s] Level 1:colcon.colcon_core.environment:checking '/home/arjun/ldlidar_ros2_ws/install/a_star_new' for CMake module files
[4.081s] DEBUG:colcon.colcon_core.event_handler.log_command:Invoked command in '/home/arjun/ldlidar_ros2_ws/src/a_star_new' returned '0': DEBUGINFOD_URLS=https://debuginfod.ubuntu.com PYTHONPATH=/home/arjun/ldlidar_ros2_ws/build/a_star_new/prefix_override:/usr/lib/python3/dist-packages/colcon_core/task/python/colcon_distutils_commands:/home/arjun/ldlidar_ros2_ws/install/a_star_new/lib/python3.12/site-packages:${PYTHONPATH} /usr/bin/python3 -W ignore:setup.py install is deprecated -W ignore:easy_install command is deprecated setup.py egg_info --egg-base ../../build/a_star_new build --build-base /home/arjun/ldlidar_ros2_ws/build/a_star_new/build install --record /home/arjun/ldlidar_ros2_ws/build/a_star_new/install.log --single-version-externally-managed install_data
[4.082s] Level 1:colcon.colcon_core.environment:checking '/home/arjun/ldlidar_ros2_ws/install/a_star_new' for CMake config files
[4.084s] Level 1:colcon.colcon_core.environment:checking '/home/arjun/ldlidar_ros2_ws/install/a_star_new/lib'
[4.085s] Level 1:colcon.colcon_core.environment:checking '/home/arjun/ldlidar_ros2_ws/install/a_star_new/bin'
[4.085s] Level 1:colcon.colcon_core.environment:checking '/home/arjun/ldlidar_ros2_ws/install/a_star_new/lib/pkgconfig/a_star_new.pc'
[4.085s] Level 1:colcon.colcon_core.environment:checking '/home/arjun/ldlidar_ros2_ws/install/a_star_new/lib/python3.12/site-packages'
[4.085s] Level 1:colcon.colcon_core.shell:create_environment_hook('a_star_new', 'pythonpath')
[4.086s] INFO:colcon.colcon_core.shell:Creating environment hook '/home/arjun/ldlidar_ros2_ws/install/a_star_new/share/a_star_new/hook/pythonpath.ps1'
[4.087s] INFO:colcon.colcon_core.shell:Creating environment descriptor '/home/arjun/ldlidar_ros2_ws/install/a_star_new/share/a_star_new/hook/pythonpath.dsv'
[4.087s] INFO:colcon.colcon_core.shell:Creating environment hook '/home/arjun/ldlidar_ros2_ws/install/a_star_new/share/a_star_new/hook/pythonpath.sh'
[4.089s] Level 1:colcon.colcon_core.environment:checking '/home/arjun/ldlidar_ros2_ws/install/a_star_new/bin'
[4.089s] Level 1:colcon.colcon_core.environment:create_environment_scripts_only(a_star_new)
[4.089s] INFO:colcon.colcon_core.shell:Creating package script '/home/arjun/ldlidar_ros2_ws/install/a_star_new/share/a_star_new/package.ps1'
[4.090s] INFO:colcon.colcon_core.shell:Creating package descriptor '/home/arjun/ldlidar_ros2_ws/install/a_star_new/share/a_star_new/package.dsv'
[4.092s] INFO:colcon.colcon_core.shell:Creating package script '/home/arjun/ldlidar_ros2_ws/install/a_star_new/share/a_star_new/package.sh'
[4.093s] INFO:colcon.colcon_core.shell:Creating package script '/home/arjun/ldlidar_ros2_ws/install/a_star_new/share/a_star_new/package.bash'
[4.095s] INFO:colcon.colcon_core.shell:Creating package script '/home/arjun/ldlidar_ros2_ws/install/a_star_new/share/a_star_new/package.zsh'
[4.095s] Level 1:colcon.colcon_core.environment:create_file_with_runtime_dependencies(/home/arjun/ldlidar_ros2_ws/install/a_star_new/share/colcon-core/packages/a_star_new)
[4.216s] DEBUG:colcon.colcon_core.event_handler.log_command:Invoked command in '/home/arjun/ldlidar_ros2_ws/build/esp32_bridge' returned '0': CMAKE_PREFIX_PATH=${CMAKE_PREFIX_PATH}:/home/arjun/ldlidar_ros2_ws/install/a_star_new:/opt/ros/jazzy DEBUGINFOD_URLS=https://debuginfod.ubuntu.com /usr/bin/cmake /home/arjun/ldlidar_ros2_ws/src/esp32_bridge -DCMAKE_INSTALL_PREFIX=/home/arjun/ldlidar_ros2_ws/install/esp32_bridge
[4.218s] DEBUG:colcon.colcon_core.event_handler.log_command:Invoking command in '/home/arjun/ldlidar_ros2_ws/build/esp32_bridge': CMAKE_PREFIX_PATH=${CMAKE_PREFIX_PATH}:/home/arjun/ldlidar_ros2_ws/install/a_star_new:/opt/ros/jazzy DEBUGINFOD_URLS=https://debuginfod.ubuntu.com /usr/bin/cmake --build /home/arjun/ldlidar_ros2_ws/build/esp32_bridge -- -j4 -l4
[4.358s] DEBUG:colcon.colcon_core.event_handler.log_command:Invoked command in '/home/arjun/ldlidar_ros2_ws/build/esp32_bridge' returned '0': CMAKE_PREFIX_PATH=${CMAKE_PREFIX_PATH}:/home/arjun/ldlidar_ros2_ws/install/a_star_new:/opt/ros/jazzy DEBUGINFOD_URLS=https://debuginfod.ubuntu.com /usr/bin/cmake --build /home/arjun/ldlidar_ros2_ws/build/esp32_bridge -- -j4 -l4
[4.360s] DEBUG:colcon.colcon_core.event_handler.log_command:Invoking command in '/home/arjun/ldlidar_ros2_ws/build/esp32_bridge': CMAKE_PREFIX_PATH=${CMAKE_PREFIX_PATH}:/home/arjun/ldlidar_ros2_ws/install/a_star_new:/opt/ros/jazzy DEBUGINFOD_URLS=https://debuginfod.ubuntu.com /usr/bin/cmake --install /home/arjun/ldlidar_ros2_ws/build/esp32_bridge
[4.411s] Level 1:colcon.colcon_core.environment:create_environment_scripts_only(esp32_bridge)
[4.411s] Level 1:colcon.colcon_core.environment:checking '/home/arjun/ldlidar_ros2_ws/install/esp32_bridge' for CMake module files
[4.412s] DEBUG:colcon.colcon_core.event_handler.log_command:Invoked command in '/home/arjun/ldlidar_ros2_ws/build/esp32_bridge' returned '0': CMAKE_PREFIX_PATH=${CMAKE_PREFIX_PATH}:/home/arjun/ldlidar_ros2_ws/install/a_star_new:/opt/ros/jazzy DEBUGINFOD_URLS=https://debuginfod.ubuntu.com /usr/bin/cmake --install /home/arjun/ldlidar_ros2_ws/build/esp32_bridge
[4.413s] Level 1:colcon.colcon_core.environment:checking '/home/arjun/ldlidar_ros2_ws/install/esp32_bridge' for CMake config files
[4.416s] Level 1:colcon.colcon_core.shell:create_environment_hook('esp32_bridge', 'cmake_prefix_path')
[4.416s] INFO:colcon.colcon_core.shell:Creating environment hook '/home/arjun/ldlidar_ros2_ws/install/esp32_bridge/share/esp32_bridge/hook/cmake_prefix_path.ps1'
[4.417s] INFO:colcon.colcon_core.shell:Creating environment descriptor '/home/arjun/ldlidar_ros2_ws/install/esp32_bridge/share/esp32_bridge/hook/cmake_prefix_path.dsv'
[4.418s] INFO:colcon.colcon_core.shell:Creating environment hook '/home/arjun/ldlidar_ros2_ws/install/esp32_bridge/share/esp32_bridge/hook/cmake_prefix_path.sh'
[4.419s] Level 1:colcon.colcon_core.environment:checking '/home/arjun/ldlidar_ros2_ws/install/esp32_bridge/lib'
[4.419s] Level 1:colcon.colcon_core.environment:checking '/home/arjun/ldlidar_ros2_ws/install/esp32_bridge/bin'
[4.419s] Level 1:colcon.colcon_core.environment:checking '/home/arjun/ldlidar_ros2_ws/install/esp32_bridge/lib/pkgconfig/esp32_bridge.pc'
[4.419s] Level 1:colcon.colcon_core.environment:checking '/home/arjun/ldlidar_ros2_ws/install/esp32_bridge/lib/python3.12/site-packages'
[4.420s] Level 1:colcon.colcon_core.environment:checking '/home/arjun/ldlidar_ros2_ws/install/esp32_bridge/bin'
[4.420s] INFO:colcon.colcon_core.shell:Creating package script '/home/arjun/ldlidar_ros2_ws/install/esp32_bridge/share/esp32_bridge/package.ps1'
[4.420s] INFO:colcon.colcon_core.shell:Creating package descriptor '/home/arjun/ldlidar_ros2_ws/install/esp32_bridge/share/esp32_bridge/package.dsv'
[4.421s] INFO:colcon.colcon_core.shell:Creating package script '/home/arjun/ldlidar_ros2_ws/install/esp32_bridge/share/esp32_bridge/package.sh'
[4.422s] INFO:colcon.colcon_core.shell:Creating package script '/home/arjun/ldlidar_ros2_ws/install/esp32_bridge/share/esp32_bridge/package.bash'
[4.422s] INFO:colcon.colcon_core.shell:Creating package script '/home/arjun/ldlidar_ros2_ws/install/esp32_bridge/share/esp32_bridge/package.zsh'
[4.423s] Level 1:colcon.colcon_core.environment:create_file_with_runtime_dependencies(/home/arjun/ldlidar_ros2_ws/install/esp32_bridge/share/colcon-core/packages/esp32_bridge)
[4.424s] Level 1:colcon.colcon_core.environment:create_environment_scripts_only(esp32_bridge)
[4.425s] Level 1:colcon.colcon_core.environment:checking '/home/arjun/ldlidar_ros2_ws/install/esp32_bridge' for CMake module files
[4.425s] Level 1:colcon.colcon_core.environment:checking '/home/arjun/ldlidar_ros2_ws/install/esp32_bridge' for CMake config files
[4.426s] Level 1:colcon.colcon_core.shell:create_environment_hook('esp32_bridge', 'cmake_prefix_path')
[4.426s] INFO:colcon.colcon_core.shell:Creating environment hook '/home/arjun/ldlidar_ros2_ws/install/esp32_bridge/share/esp32_bridge/hook/cmake_prefix_path.ps1'
[4.427s] INFO:colcon.colcon_core.shell:Creating environment descriptor '/home/arjun/ldlidar_ros2_ws/install/esp32_bridge/share/esp32_bridge/hook/cmake_prefix_path.dsv'
[4.428s] INFO:colcon.colcon_core.shell:Creating environment hook '/home/arjun/ldlidar_ros2_ws/install/esp32_bridge/share/esp32_bridge/hook/cmake_prefix_path.sh'
[4.429s] Level 1:colcon.colcon_core.environment:checking '/home/arjun/ldlidar_ros2_ws/install/esp32_bridge/lib'
[4.429s] Level 1:colcon.colcon_core.environment:checking '/home/arjun/ldlidar_ros2_ws/install/esp32_bridge/bin'
[4.429s] Level 1:colcon.colcon_core.environment:checking '/home/arjun/ldlidar_ros2_ws/install/esp32_bridge/lib/pkgconfig/esp32_bridge.pc'
[4.429s] Level 1:colcon.colcon_core.environment:checking '/home/arjun/ldlidar_ros2_ws/install/esp32_bridge/lib/python3.12/site-packages'
[4.430s] Level 1:colcon.colcon_core.environment:checking '/home/arjun/ldlidar_ros2_ws/install/esp32_bridge/bin'
[4.430s] INFO:colcon.colcon_core.shell:Creating package script '/home/arjun/ldlidar_ros2_ws/install/esp32_bridge/share/esp32_bridge/package.ps1'
[4.431s] INFO:colcon.colcon_core.shell:Creating package descriptor '/home/arjun/ldlidar_ros2_ws/install/esp32_bridge/share/esp32_bridge/package.dsv'
[4.431s] INFO:colcon.colcon_core.shell:Creating package script '/home/arjun/ldlidar_ros2_ws/install/esp32_bridge/share/esp32_bridge/package.sh'
[4.432s] INFO:colcon.colcon_core.shell:Creating package script '/home/arjun/ldlidar_ros2_ws/install/esp32_bridge/share/esp32_bridge/package.bash'
[4.433s] INFO:colcon.colcon_core.shell:Creating package script '/home/arjun/ldlidar_ros2_ws/install/esp32_bridge/share/esp32_bridge/package.zsh'
[4.434s] Level 1:colcon.colcon_core.environment:create_file_with_runtime_dependencies(/home/arjun/ldlidar_ros2_ws/install/esp32_bridge/share/colcon-core/packages/esp32_bridge)
[4.435s] DEBUG:colcon.colcon_parallel_executor.executor.parallel:closing loop
[4.435s] DEBUG:colcon.colcon_parallel_executor.executor.parallel:loop closed
[4.436s] DEBUG:colcon.colcon_parallel_executor.executor.parallel:run_until_complete finished with '0'
[4.436s] DEBUG:colcon.colcon_core.event_reactor:joining thread
[4.451s] INFO:colcon.colcon_core.plugin_system:Skipping extension 'colcon_notification.desktop_notification.terminal_notifier': Not used on non-Darwin systems
[4.451s] INFO:colcon.colcon_core.plugin_system:Skipping extension 'colcon_notification.desktop_notification.win32': Not used on non-Windows systems
[4.451s] INFO:colcon.colcon_notification.desktop_notification:Sending desktop notification using 'notify2'
[4.476s] DEBUG:colcon.colcon_core.event_reactor:joined thread
[4.476s] INFO:colcon.colcon_core.shell:Creating prefix script '/home/arjun/ldlidar_ros2_ws/install/local_setup.ps1'
[4.478s] INFO:colcon.colcon_core.shell:Creating prefix util module '/home/arjun/ldlidar_ros2_ws/install/_local_setup_util_ps1.py'
[4.479s] INFO:colcon.colcon_core.shell:Creating prefix chain script '/home/arjun/ldlidar_ros2_ws/install/setup.ps1'
[4.481s] INFO:colcon.colcon_core.shell:Creating prefix script '/home/arjun/ldlidar_ros2_ws/install/local_setup.sh'
[4.483s] INFO:colcon.colcon_core.shell:Creating prefix util module '/home/arjun/ldlidar_ros2_ws/install/_local_setup_util_sh.py'
[4.484s] INFO:colcon.colcon_core.shell:Creating prefix chain script '/home/arjun/ldlidar_ros2_ws/install/setup.sh'
[4.486s] INFO:colcon.colcon_core.shell:Creating prefix script '/home/arjun/ldlidar_ros2_ws/install/local_setup.bash'
[4.487s] INFO:colcon.colcon_core.shell:Creating prefix chain script '/home/arjun/ldlidar_ros2_ws/install/setup.bash'
[4.490s] INFO:colcon.colcon_core.shell:Creating prefix script '/home/arjun/ldlidar_ros2_ws/install/local_setup.zsh'
[4.491s] INFO:colcon.colcon_core.shell:Creating prefix chain script '/home/arjun/ldlidar_ros2_ws/install/setup.zsh'
