[0.391s] Invoking command in '/home/arjun/ldlidar_ros2_ws/build/ldlidar_sl_ros2': CMAKE_PREFIX_PATH=${CMAKE_PREFIX_PATH}:/home/arjun/ldlidar_ros2_ws/install/a_star_new:/opt/ros/jazzy DEBUGINFOD_URLS=https://debuginfod.ubuntu.com /usr/bin/cmake --build /home/arjun/ldlidar_ros2_ws/build/ldlidar_sl_ros2 -- -j4 -l4
[0.656s] [100%] Built target ldlidar_sl_ros2_node
[0.691s] Invoked command in '/home/arjun/ldlidar_ros2_ws/build/ldlidar_sl_ros2' returned '0': CMAKE_PREFIX_PATH=${CMAKE_PREFIX_PATH}:/home/arjun/ldlidar_ros2_ws/install/a_star_new:/opt/ros/jazzy DEBUGINFOD_URLS=https://debuginfod.ubuntu.com /usr/bin/cmake --build /home/arjun/ldlidar_ros2_ws/build/ldlidar_sl_ros2 -- -j4 -l4
[0.700s] Invoking command in '/home/arjun/ldlidar_ros2_ws/build/ldlidar_sl_ros2': CMAKE_PREFIX_PATH=${CMAKE_PREFIX_PATH}:/home/arjun/ldlidar_ros2_ws/install/a_star_new:/opt/ros/jazzy DEBUGINFOD_URLS=https://debuginfod.ubuntu.com /usr/bin/cmake --install /home/arjun/ldlidar_ros2_ws/build/ldlidar_sl_ros2
[0.722s] -- Install configuration: ""
[0.723s] -- Up-to-date: /home/arjun/ldlidar_ros2_ws/install/ldlidar_sl_ros2/lib/ldlidar_sl_ros2/ldlidar_sl_ros2_node
[0.723s] -- Up-to-date: /home/arjun/ldlidar_ros2_ws/install/ldlidar_sl_ros2/share/ldlidar_sl_ros2//launch
[0.724s] -- Up-to-date: /home/arjun/ldlidar_ros2_ws/install/ldlidar_sl_ros2/share/ldlidar_sl_ros2//launch/viewer_ld14p.launch.py
[0.724s] -- Up-to-date: /home/arjun/ldlidar_ros2_ws/install/ldlidar_sl_ros2/share/ldlidar_sl_ros2//launch/ld14.launch.py
[0.724s] -- Up-to-date: /home/arjun/ldlidar_ros2_ws/install/ldlidar_sl_ros2/share/ldlidar_sl_ros2//launch/ld14p.launch.py
[0.724s] -- Up-to-date: /home/arjun/ldlidar_ros2_ws/install/ldlidar_sl_ros2/share/ldlidar_sl_ros2//launch/viewer_ld14.launch.py
[0.724s] -- Up-to-date: /home/arjun/ldlidar_ros2_ws/install/ldlidar_sl_ros2/share/ldlidar_sl_ros2//rviz2
[0.725s] -- Up-to-date: /home/arjun/ldlidar_ros2_ws/install/ldlidar_sl_ros2/share/ldlidar_sl_ros2//rviz2/ldlidar.rviz
[0.725s] -- Up-to-date: /home/arjun/ldlidar_ros2_ws/install/ldlidar_sl_ros2/share/ldlidar_sl_ros2//scripts
[0.726s] -- Up-to-date: /home/arjun/ldlidar_ros2_ws/install/ldlidar_sl_ros2/share/ldlidar_sl_ros2//scripts/create_udev_rules.sh
[0.726s] -- Up-to-date: /home/arjun/ldlidar_ros2_ws/install/ldlidar_sl_ros2/share/ldlidar_sl_ros2//scripts/delete_udev_rules.sh
[0.726s] -- Up-to-date: /home/arjun/ldlidar_ros2_ws/install/ldlidar_sl_ros2/share/ldlidar_sl_ros2//scripts/ldlidar.rules
[0.726s] -- Up-to-date: /home/arjun/ldlidar_ros2_ws/install/ldlidar_sl_ros2/share/ament_index/resource_index/package_run_dependencies/ldlidar_sl_ros2
[0.727s] -- Up-to-date: /home/arjun/ldlidar_ros2_ws/install/ldlidar_sl_ros2/share/ament_index/resource_index/parent_prefix_path/ldlidar_sl_ros2
[0.727s] -- Up-to-date: /home/arjun/ldlidar_ros2_ws/install/ldlidar_sl_ros2/share/ldlidar_sl_ros2/environment/ament_prefix_path.sh
[0.727s] -- Up-to-date: /home/arjun/ldlidar_ros2_ws/install/ldlidar_sl_ros2/share/ldlidar_sl_ros2/environment/ament_prefix_path.dsv
[0.728s] -- Up-to-date: /home/arjun/ldlidar_ros2_ws/install/ldlidar_sl_ros2/share/ldlidar_sl_ros2/environment/path.sh
[0.728s] -- Up-to-date: /home/arjun/ldlidar_ros2_ws/install/ldlidar_sl_ros2/share/ldlidar_sl_ros2/environment/path.dsv
[0.728s] -- Up-to-date: /home/arjun/ldlidar_ros2_ws/install/ldlidar_sl_ros2/share/ldlidar_sl_ros2/local_setup.bash
[0.728s] -- Up-to-date: /home/arjun/ldlidar_ros2_ws/install/ldlidar_sl_ros2/share/ldlidar_sl_ros2/local_setup.sh
[0.728s] -- Up-to-date: /home/arjun/ldlidar_ros2_ws/install/ldlidar_sl_ros2/share/ldlidar_sl_ros2/local_setup.zsh
[0.728s] -- Up-to-date: /home/arjun/ldlidar_ros2_ws/install/ldlidar_sl_ros2/share/ldlidar_sl_ros2/local_setup.dsv
[0.728s] -- Installing: /home/arjun/ldlidar_ros2_ws/install/ldlidar_sl_ros2/share/ldlidar_sl_ros2/package.dsv
[0.729s] -- Up-to-date: /home/arjun/ldlidar_ros2_ws/install/ldlidar_sl_ros2/share/ament_index/resource_index/packages/ldlidar_sl_ros2
[0.729s] -- Up-to-date: /home/arjun/ldlidar_ros2_ws/install/ldlidar_sl_ros2/share/ldlidar_sl_ros2/cmake/ldlidar_sl_ros2Config.cmake
[0.729s] -- Up-to-date: /home/arjun/ldlidar_ros2_ws/install/ldlidar_sl_ros2/share/ldlidar_sl_ros2/cmake/ldlidar_sl_ros2Config-version.cmake
[0.730s] -- Up-to-date: /home/arjun/ldlidar_ros2_ws/install/ldlidar_sl_ros2/share/ldlidar_sl_ros2/package.xml
[0.733s] Invoked command in '/home/arjun/ldlidar_ros2_ws/build/ldlidar_sl_ros2' returned '0': CMAKE_PREFIX_PATH=${CMAKE_PREFIX_PATH}:/home/arjun/ldlidar_ros2_ws/install/a_star_new:/opt/ros/jazzy DEBUGINFOD_URLS=https://debuginfod.ubuntu.com /usr/bin/cmake --install /home/arjun/ldlidar_ros2_ws/build/ldlidar_sl_ros2
